<?xml version="1.0" encoding="UTF-8"?>
<coverage generated="1752269716921" clover="3.2.0">
  <project timestamp="1752269716921" name="All files">
    <metrics statements="84" coveredstatements="73" conditionals="48" coveredconditionals="27" methods="4" coveredmethods="4" elements="136" coveredelements="104" complexity="0" loc="84" ncloc="84" packages="1" files="1" classes="1"/>
    <file name="drawingExtrusionCalculations.ts" path="C:\laragon\www\ProcessCalc\src\utils\drawingExtrusionCalculations.ts">
      <metrics statements="84" coveredstatements="73" conditionals="48" coveredconditionals="27" methods="4" coveredmethods="4"/>
      <line num="13" count="1" type="stmt"/>
      <line num="77" count="1" type="stmt"/>
      <line num="80" count="2" type="stmt"/>
      <line num="81" count="2" type="cond" truecount="2" falsecount="0"/>
      <line num="82" count="1" type="stmt"/>
      <line num="86" count="1" type="stmt"/>
      <line num="87" count="1" type="stmt"/>
      <line num="88" count="1" type="stmt"/>
      <line num="89" count="1" type="stmt"/>
      <line num="90" count="1" type="stmt"/>
      <line num="93" count="1" type="stmt"/>
      <line num="94" count="1" type="stmt"/>
      <line num="97" count="1" type="stmt"/>
      <line num="99" count="1" type="stmt"/>
      <line num="102" count="1" type="cond" truecount="1" falsecount="1"/>
      <line num="108" count="1" type="stmt"/>
      <line num="113" count="1" type="stmt"/>
      <line num="116" count="1" type="stmt"/>
      <line num="119" count="1" type="stmt"/>
      <line num="123" count="1" type="stmt"/>
      <line num="126" count="1" type="stmt"/>
      <line num="127" count="1" type="stmt"/>
      <line num="130" count="1" type="stmt"/>
      <line num="137" count="1" type="stmt"/>
      <line num="176" count="1" type="stmt"/>
      <line num="179" count="2" type="stmt"/>
      <line num="180" count="2" type="cond" truecount="2" falsecount="0"/>
      <line num="181" count="1" type="stmt"/>
      <line num="185" count="1" type="stmt"/>
      <line num="186" count="1" type="stmt"/>
      <line num="187" count="1" type="stmt"/>
      <line num="190" count="1" type="stmt"/>
      <line num="191" count="1" type="stmt"/>
      <line num="194" count="1" type="stmt"/>
      <line num="195" count="1" type="stmt"/>
      <line num="198" count="1" type="cond" truecount="1" falsecount="1"/>
      <line num="199" count="1" type="stmt"/>
      <line num="202" count="1" type="cond" truecount="1" falsecount="1"/>
      <line num="206" count="1" type="stmt"/>
      <line num="213" count="1" type="stmt"/>
      <line num="216" count="1" type="stmt"/>
      <line num="219" count="1" type="stmt"/>
      <line num="222" count="1" type="stmt"/>
      <line num="225" count="1" type="stmt"/>
      <line num="229" count="1" type="stmt"/>
      <line num="230" count="1" type="stmt"/>
      <line num="233" count="1" type="stmt"/>
      <line num="240" count="1" type="stmt"/>
      <line num="264" count="1" type="stmt"/>
      <line num="266" count="1" type="cond" truecount="1" falsecount="1"/>
      <line num="267" count="1" type="stmt"/>
      <line num="276" count="1" type="cond" truecount="1" falsecount="1"/>
      <line num="277" count="0" type="stmt"/>
      <line num="280" count="1" type="cond" truecount="1" falsecount="1"/>
      <line num="281" count="0" type="stmt"/>
      <line num="284" count="1" type="cond" truecount="1" falsecount="1"/>
      <line num="285" count="0" type="stmt"/>
      <line num="290" count="1" type="cond" truecount="1" falsecount="1"/>
      <line num="291" count="0" type="stmt"/>
      <line num="296" count="1" type="cond" truecount="1" falsecount="1"/>
      <line num="297" count="1" type="stmt"/>
      <line num="300" count="1" type="cond" truecount="1" falsecount="1"/>
      <line num="301" count="0" type="stmt"/>
      <line num="306" count="1" type="cond" truecount="1" falsecount="1"/>
      <line num="307" count="0" type="stmt"/>
      <line num="312" count="1" type="stmt"/>
      <line num="325" count="1" type="stmt"/>
      <line num="327" count="1" type="cond" truecount="1" falsecount="1"/>
      <line num="328" count="0" type="stmt"/>
      <line num="333" count="1" type="cond" truecount="3" falsecount="1"/>
      <line num="334" count="1" type="stmt"/>
      <line num="339" count="1" type="cond" truecount="1" falsecount="1"/>
      <line num="340" count="0" type="stmt"/>
      <line num="345" count="1" type="cond" truecount="1" falsecount="1"/>
      <line num="346" count="1" type="stmt"/>
      <line num="349" count="1" type="cond" truecount="2" falsecount="2"/>
      <line num="350" count="0" type="stmt"/>
      <line num="355" count="1" type="cond" truecount="1" falsecount="1"/>
      <line num="356" count="1" type="stmt"/>
      <line num="361" count="1" type="cond" truecount="2" falsecount="2"/>
      <line num="362" count="0" type="stmt"/>
      <line num="365" count="1" type="cond" truecount="1" falsecount="1"/>
      <line num="366" count="0" type="stmt"/>
      <line num="369" count="1" type="stmt"/>
    </file>
  </project>
</coverage>
