{"C:\\laragon\\www\\ProcessCalc\\src\\utils\\calculations.ts": {"path":"C:\\laragon\\www\\ProcessCalc\\src\\utils\\calculations.ts","statementMap":{"0":{"start":{"line":92,"column":0},"end":{"line":92,"column":16}},"1":{"start":{"line":218,"column":0},"end":{"line":218,"column":16}},"2":{"start":{"line":281,"column":0},"end":{"line":281,"column":16}},"3":{"start":{"line":295,"column":0},"end":{"line":295,"column":16}},"4":{"start":{"line":309,"column":0},"end":{"line":309,"column":16}},"5":{"start":{"line":16,"column":13},"end":{"line":65,"column":2}},"6":{"start":{"line":93,"column":19},"end":{"line":93,"column":45}},"7":{"start":{"line":94,"column":2},"end":{"line":96,"column":3}},"8":{"start":{"line":95,"column":4},"end":{"line":95,"column":42}},"9":{"start":{"line":97,"column":2},"end":{"line":105,"column":3}},"10":{"start":{"line":102,"column":4},"end":{"line":104,"column":6}},"11":{"start":{"line":106,"column":2},"end":{"line":108,"column":3}},"12":{"start":{"line":107,"column":4},"end":{"line":107,"column":52}},"13":{"start":{"line":109,"column":2},"end":{"line":111,"column":3}},"14":{"start":{"line":110,"column":4},"end":{"line":110,"column":60}},"15":{"start":{"line":112,"column":2},"end":{"line":114,"column":3}},"16":{"start":{"line":113,"column":4},"end":{"line":113,"column":60}},"17":{"start":{"line":115,"column":2},"end":{"line":117,"column":3}},"18":{"start":{"line":116,"column":4},"end":{"line":116,"column":63}},"19":{"start":{"line":126,"column":20},"end":{"line":126,"column":67}},"20":{"start":{"line":128,"column":25},"end":{"line":128,"column":68}},"21":{"start":{"line":130,"column":21},"end":{"line":130,"column":78}},"22":{"start":{"line":134,"column":12},"end":{"line":134,"column":35}},"23":{"start":{"line":135,"column":24},"end":{"line":135,"column":48}},"24":{"start":{"line":139,"column":23},"end":{"line":139,"column":47}},"25":{"start":{"line":144,"column":4},"end":{"line":145,"column":58}},"26":{"start":{"line":150,"column":23},"end":{"line":150,"column":71}},"27":{"start":{"line":154,"column":28},"end":{"line":154,"column":57}},"28":{"start":{"line":156,"column":30},"end":{"line":156,"column":56}},"29":{"start":{"line":158,"column":18},"end":{"line":158,"column":57}},"30":{"start":{"line":160,"column":30},"end":{"line":160,"column":58}},"31":{"start":{"line":162,"column":17},"end":{"line":162,"column":45}},"32":{"start":{"line":164,"column":20},"end":{"line":164,"column":33}},"33":{"start":{"line":166,"column":23},"end":{"line":166,"column":54}},"34":{"start":{"line":170,"column":26},"end":{"line":170,"column":63}},"35":{"start":{"line":172,"column":23},"end":{"line":172,"column":68}},"36":{"start":{"line":175,"column":4},"end":{"line":175,"column":75}},"37":{"start":{"line":178,"column":4},"end":{"line":178,"column":70}},"38":{"start":{"line":183,"column":2},"end":{"line":195,"column":4}},"39":{"start":{"line":219,"column":19},"end":{"line":219,"column":45}},"40":{"start":{"line":220,"column":2},"end":{"line":222,"column":3}},"41":{"start":{"line":221,"column":4},"end":{"line":221,"column":42}},"42":{"start":{"line":223,"column":2},"end":{"line":231,"column":3}},"43":{"start":{"line":228,"column":4},"end":{"line":230,"column":6}},"44":{"start":{"line":232,"column":2},"end":{"line":234,"column":3}},"45":{"start":{"line":233,"column":4},"end":{"line":233,"column":55}},"46":{"start":{"line":235,"column":2},"end":{"line":237,"column":3}},"47":{"start":{"line":236,"column":4},"end":{"line":236,"column":63}},"48":{"start":{"line":239,"column":20},"end":{"line":239,"column":61}},"49":{"start":{"line":240,"column":25},"end":{"line":240,"column":65}},"50":{"start":{"line":241,"column":21},"end":{"line":241,"column":72}},"51":{"start":{"line":245,"column":4},"end":{"line":246,"column":58}},"52":{"start":{"line":249,"column":15},"end":{"line":249,"column":57}},"53":{"start":{"line":253,"column":4},"end":{"line":259,"column":34}},"54":{"start":{"line":262,"column":23},"end":{"line":262,"column":71}},"55":{"start":{"line":265,"column":19},"end":{"line":265,"column":52}},"56":{"start":{"line":266,"column":23},"end":{"line":266,"column":31}},"57":{"start":{"line":267,"column":21},"end":{"line":267,"column":25}},"58":{"start":{"line":269,"column":2},"end":{"line":277,"column":4}},"59":{"start":{"line":282,"column":46},"end":{"line":288,"column":4}},"60":{"start":{"line":289,"column":2},"end":{"line":291,"column":3}},"61":{"start":{"line":290,"column":4},"end":{"line":290,"column":43}},"62":{"start":{"line":292,"column":2},"end":{"line":292,"column":55}},"63":{"start":{"line":296,"column":46},"end":{"line":302,"column":4}},"64":{"start":{"line":303,"column":2},"end":{"line":305,"column":3}},"65":{"start":{"line":304,"column":4},"end":{"line":304,"column":42}},"66":{"start":{"line":306,"column":2},"end":{"line":306,"column":55}},"67":{"start":{"line":310,"column":46},"end":{"line":315,"column":4}},"68":{"start":{"line":316,"column":2},"end":{"line":318,"column":3}},"69":{"start":{"line":317,"column":4},"end":{"line":317,"column":42}},"70":{"start":{"line":319,"column":2},"end":{"line":319,"column":55}}},"fnMap":{"0":{"name":"calculateRolling","decl":{"start":{"line":92,"column":16},"end":{"line":92,"column":32}},"loc":{"start":{"line":92,"column":58},"end":{"line":196,"column":1}}},"1":{"name":"calculateForging","decl":{"start":{"line":218,"column":16},"end":{"line":218,"column":32}},"loc":{"start":{"line":218,"column":58},"end":{"line":278,"column":1}}},"2":{"name":"convertLength","decl":{"start":{"line":281,"column":16},"end":{"line":281,"column":29}},"loc":{"start":{"line":281,"column":69},"end":{"line":293,"column":1}}},"3":{"name":"convertForce","decl":{"start":{"line":295,"column":16},"end":{"line":295,"column":28}},"loc":{"start":{"line":295,"column":68},"end":{"line":307,"column":1}}},"4":{"name":"convertPower","decl":{"start":{"line":309,"column":16},"end":{"line":309,"column":28}},"loc":{"start":{"line":309,"column":68},"end":{"line":320,"column":1}}}},"branchMap":{"0":{"loc":{"start":{"line":94,"column":2},"end":{"line":96,"column":3}},"type":"if","locations":[{"start":{"line":94,"column":2},"end":{"line":96,"column":3}},{"start":{},"end":{}}]},"1":{"loc":{"start":{"line":97,"column":2},"end":{"line":105,"column":3}},"type":"if","locations":[{"start":{"line":97,"column":2},"end":{"line":105,"column":3}},{"start":{},"end":{}}]},"2":{"loc":{"start":{"line":98,"column":4},"end":{"line":100,"column":30}},"type":"binary-expr","locations":[{"start":{"line":98,"column":4},"end":{"line":98,"column":52}},{"start":{"line":99,"column":4},"end":{"line":99,"column":32}},{"start":{"line":100,"column":4},"end":{"line":100,"column":30}}]},"3":{"loc":{"start":{"line":106,"column":2},"end":{"line":108,"column":3}},"type":"if","locations":[{"start":{"line":106,"column":2},"end":{"line":108,"column":3}},{"start":{},"end":{}}]},"4":{"loc":{"start":{"line":109,"column":2},"end":{"line":111,"column":3}},"type":"if","locations":[{"start":{"line":109,"column":2},"end":{"line":111,"column":3}},{"start":{},"end":{}}]},"5":{"loc":{"start":{"line":112,"column":2},"end":{"line":114,"column":3}},"type":"if","locations":[{"start":{"line":112,"column":2},"end":{"line":114,"column":3}},{"start":{},"end":{}}]},"6":{"loc":{"start":{"line":115,"column":2},"end":{"line":117,"column":3}},"type":"if","locations":[{"start":{"line":115,"column":2},"end":{"line":117,"column":3}},{"start":{},"end":{}}]},"7":{"loc":{"start":{"line":220,"column":2},"end":{"line":222,"column":3}},"type":"if","locations":[{"start":{"line":220,"column":2},"end":{"line":222,"column":3}},{"start":{},"end":{}}]},"8":{"loc":{"start":{"line":223,"column":2},"end":{"line":231,"column":3}},"type":"if","locations":[{"start":{"line":223,"column":2},"end":{"line":231,"column":3}},{"start":{},"end":{}}]},"9":{"loc":{"start":{"line":224,"column":4},"end":{"line":226,"column":27}},"type":"binary-expr","locations":[{"start":{"line":224,"column":4},"end":{"line":224,"column":46}},{"start":{"line":225,"column":4},"end":{"line":225,"column":29}},{"start":{"line":226,"column":4},"end":{"line":226,"column":27}}]},"10":{"loc":{"start":{"line":232,"column":2},"end":{"line":234,"column":3}},"type":"if","locations":[{"start":{"line":232,"column":2},"end":{"line":234,"column":3}},{"start":{},"end":{}}]},"11":{"loc":{"start":{"line":235,"column":2},"end":{"line":237,"column":3}},"type":"if","locations":[{"start":{"line":235,"column":2},"end":{"line":237,"column":3}},{"start":{},"end":{}}]},"12":{"loc":{"start":{"line":253,"column":4},"end":{"line":259,"column":34}},"type":"cond-expr","locations":[{"start":{"line":254,"column":8},"end":{"line":256,"column":34}},{"start":{"line":257,"column":8},"end":{"line":259,"column":34}}]},"13":{"loc":{"start":{"line":289,"column":2},"end":{"line":291,"column":3}},"type":"if","locations":[{"start":{"line":289,"column":2},"end":{"line":291,"column":3}},{"start":{},"end":{}}]},"14":{"loc":{"start":{"line":289,"column":6},"end":{"line":289,"column":52}},"type":"binary-expr","locations":[{"start":{"line":289,"column":6},"end":{"line":289,"column":28}},{"start":{"line":289,"column":32},"end":{"line":289,"column":52}}]},"15":{"loc":{"start":{"line":303,"column":2},"end":{"line":305,"column":3}},"type":"if","locations":[{"start":{"line":303,"column":2},"end":{"line":305,"column":3}},{"start":{},"end":{}}]},"16":{"loc":{"start":{"line":303,"column":6},"end":{"line":303,"column":52}},"type":"binary-expr","locations":[{"start":{"line":303,"column":6},"end":{"line":303,"column":28}},{"start":{"line":303,"column":32},"end":{"line":303,"column":52}}]},"17":{"loc":{"start":{"line":316,"column":2},"end":{"line":318,"column":3}},"type":"if","locations":[{"start":{"line":316,"column":2},"end":{"line":318,"column":3}},{"start":{},"end":{}}]},"18":{"loc":{"start":{"line":316,"column":6},"end":{"line":316,"column":52}},"type":"binary-expr","locations":[{"start":{"line":316,"column":6},"end":{"line":316,"column":28}},{"start":{"line":316,"column":32},"end":{"line":316,"column":52}}]}},"s":{"0":1,"1":1,"2":1,"3":1,"4":1,"5":1,"6":8,"7":8,"8":2,"9":6,"10":2,"11":4,"12":1,"13":3,"14":1,"15":2,"16":0,"17":2,"18":0,"19":2,"20":2,"21":2,"22":2,"23":2,"24":2,"25":2,"26":2,"27":2,"28":2,"29":2,"30":2,"31":2,"32":2,"33":2,"34":2,"35":2,"36":2,"37":2,"38":2,"39":7,"40":7,"41":2,"42":5,"43":2,"44":3,"45":1,"46":2,"47":0,"48":2,"49":2,"50":2,"51":2,"52":2,"53":2,"54":2,"55":2,"56":2,"57":2,"58":2,"59":3,"60":3,"61":1,"62":2,"63":3,"64":3,"65":1,"66":2,"67":3,"68":3,"69":1,"70":2},"f":{"0":8,"1":7,"2":3,"3":3,"4":3},"b":{"0":[2,6],"1":[2,4],"2":[6,4,4],"3":[1,3],"4":[1,2],"5":[0,2],"6":[0,2],"7":[2,5],"8":[2,3],"9":[5,3,3],"10":[1,2],"11":[0,2],"12":[2,0],"13":[1,2],"14":[3,2],"15":[1,2],"16":[3,3],"17":[1,2],"18":[3,2]}}
}
