{"C:\\laragon\\www\\ProcessCalc\\src\\utils\\calculations.ts": {"path":"C:\\laragon\\www\\ProcessCalc\\src\\utils\\calculations.ts","statementMap":{"0":{"start":{"line":92,"column":0},"end":{"line":92,"column":16}},"1":{"start":{"line":218,"column":0},"end":{"line":218,"column":16}},"2":{"start":{"line":281,"column":0},"end":{"line":281,"column":16}},"3":{"start":{"line":295,"column":0},"end":{"line":295,"column":16}},"4":{"start":{"line":309,"column":0},"end":{"line":309,"column":16}},"5":{"start":{"line":16,"column":13},"end":{"line":65,"column":2}},"6":{"start":{"line":93,"column":19},"end":{"line":93,"column":45}},"7":{"start":{"line":94,"column":2},"end":{"line":96,"column":3}},"8":{"start":{"line":95,"column":4},"end":{"line":95,"column":42}},"9":{"start":{"line":97,"column":2},"end":{"line":105,"column":3}},"10":{"start":{"line":102,"column":4},"end":{"line":104,"column":6}},"11":{"start":{"line":106,"column":2},"end":{"line":108,"column":3}},"12":{"start":{"line":107,"column":4},"end":{"line":107,"column":52}},"13":{"start":{"line":109,"column":2},"end":{"line":111,"column":3}},"14":{"start":{"line":110,"column":4},"end":{"line":110,"column":60}},"15":{"start":{"line":112,"column":2},"end":{"line":114,"column":3}},"16":{"start":{"line":113,"column":4},"end":{"line":113,"column":60}},"17":{"start":{"line":115,"column":2},"end":{"line":117,"column":3}},"18":{"start":{"line":116,"column":4},"end":{"line":116,"column":63}},"19":{"start":{"line":126,"column":20},"end":{"line":126,"column":67}},"20":{"start":{"line":128,"column":25},"end":{"line":128,"column":68}},"21":{"start":{"line":130,"column":21},"end":{"line":130,"column":78}},"22":{"start":{"line":134,"column":12},"end":{"line":134,"column":35}},"23":{"start":{"line":135,"column":24},"end":{"line":135,"column":48}},"24":{"start":{"line":139,"column":23},"end":{"line":139,"column":47}},"25":{"start":{"line":144,"column":4},"end":{"line":145,"column":58}},"26":{"start":{"line":150,"column":23},"end":{"line":150,"column":71}},"27":{"start":{"line":154,"column":28},"end":{"line":154,"column":57}},"28":{"start":{"line":156,"column":30},"end":{"line":156,"column":56}},"29":{"start":{"line":158,"column":18},"end":{"line":158,"column":57}},"30":{"start":{"line":160,"column":30},"end":{"line":160,"column":58}},"31":{"start":{"line":162,"column":17},"end":{"line":162,"column":45}},"32":{"start":{"line":164,"column":20},"end":{"line":164,"column":33}},"33":{"start":{"line":166,"column":23},"end":{"line":166,"column":54}},"34":{"start":{"line":170,"column":26},"end":{"line":170,"column":63}},"35":{"start":{"line":172,"column":23},"end":{"line":172,"column":68}},"36":{"start":{"line":175,"column":4},"end":{"line":175,"column":75}},"37":{"start":{"line":178,"column":4},"end":{"line":178,"column":70}},"38":{"start":{"line":183,"column":2},"end":{"line":195,"column":4}},"39":{"start":{"line":219,"column":19},"end":{"line":219,"column":45}},"40":{"start":{"line":220,"column":2},"end":{"line":222,"column":3}},"41":{"start":{"line":221,"column":4},"end":{"line":221,"column":42}},"42":{"start":{"line":223,"column":2},"end":{"line":231,"column":3}},"43":{"start":{"line":228,"column":4},"end":{"line":230,"column":6}},"44":{"start":{"line":232,"column":2},"end":{"line":234,"column":3}},"45":{"start":{"line":233,"column":4},"end":{"line":233,"column":55}},"46":{"start":{"line":235,"column":2},"end":{"line":237,"column":3}},"47":{"start":{"line":236,"column":4},"end":{"line":236,"column":63}},"48":{"start":{"line":239,"column":20},"end":{"line":239,"column":61}},"49":{"start":{"line":240,"column":25},"end":{"line":240,"column":65}},"50":{"start":{"line":241,"column":21},"end":{"line":241,"column":72}},"51":{"start":{"line":245,"column":4},"end":{"line":246,"column":58}},"52":{"start":{"line":249,"column":15},"end":{"line":249,"column":57}},"53":{"start":{"line":253,"column":4},"end":{"line":259,"column":34}},"54":{"start":{"line":262,"column":23},"end":{"line":262,"column":71}},"55":{"start":{"line":265,"column":19},"end":{"line":265,"column":52}},"56":{"start":{"line":266,"column":23},"end":{"line":266,"column":31}},"57":{"start":{"line":267,"column":21},"end":{"line":267,"column":25}},"58":{"start":{"line":269,"column":2},"end":{"line":277,"column":4}},"59":{"start":{"line":282,"column":46},"end":{"line":288,"column":4}},"60":{"start":{"line":289,"column":2},"end":{"line":291,"column":3}},"61":{"start":{"line":290,"column":4},"end":{"line":290,"column":43}},"62":{"start":{"line":292,"column":2},"end":{"line":292,"column":55}},"63":{"start":{"line":296,"column":46},"end":{"line":302,"column":4}},"64":{"start":{"line":303,"column":2},"end":{"line":305,"column":3}},"65":{"start":{"line":304,"column":4},"end":{"line":304,"column":42}},"66":{"start":{"line":306,"column":2},"end":{"line":306,"column":55}},"67":{"start":{"line":310,"column":46},"end":{"line":315,"column":4}},"68":{"start":{"line":316,"column":2},"end":{"line":318,"column":3}},"69":{"start":{"line":317,"column":4},"end":{"line":317,"column":42}},"70":{"start":{"line":319,"column":2},"end":{"line":319,"column":55}}},"fnMap":{"0":{"name":"calculateRolling","decl":{"start":{"line":92,"column":16},"end":{"line":92,"column":32}},"loc":{"start":{"line":92,"column":58},"end":{"line":196,"column":1}}},"1":{"name":"calculateForging","decl":{"start":{"line":218,"column":16},"end":{"line":218,"column":32}},"loc":{"start":{"line":218,"column":58},"end":{"line":278,"column":1}}},"2":{"name":"convertLength","decl":{"start":{"line":281,"column":16},"end":{"line":281,"column":29}},"loc":{"start":{"line":281,"column":69},"end":{"line":293,"column":1}}},"3":{"name":"convertForce","decl":{"start":{"line":295,"column":16},"end":{"line":295,"column":28}},"loc":{"start":{"line":295,"column":68},"end":{"line":307,"column":1}}},"4":{"name":"convertPower","decl":{"start":{"line":309,"column":16},"end":{"line":309,"column":28}},"loc":{"start":{"line":309,"column":68},"end":{"line":320,"column":1}}}},"branchMap":{"0":{"loc":{"start":{"line":94,"column":2},"end":{"line":96,"column":3}},"type":"if","locations":[{"start":{"line":94,"column":2},"end":{"line":96,"column":3}},{"start":{},"end":{}}]},"1":{"loc":{"start":{"line":97,"column":2},"end":{"line":105,"column":3}},"type":"if","locations":[{"start":{"line":97,"column":2},"end":{"line":105,"column":3}},{"start":{},"end":{}}]},"2":{"loc":{"start":{"line":98,"column":4},"end":{"line":100,"column":30}},"type":"binary-expr","locations":[{"start":{"line":98,"column":4},"end":{"line":98,"column":52}},{"start":{"line":99,"column":4},"end":{"line":99,"column":32}},{"start":{"line":100,"column":4},"end":{"line":100,"column":30}}]},"3":{"loc":{"start":{"line":106,"column":2},"end":{"line":108,"column":3}},"type":"if","locations":[{"start":{"line":106,"column":2},"end":{"line":108,"column":3}},{"start":{},"end":{}}]},"4":{"loc":{"start":{"line":109,"column":2},"end":{"line":111,"column":3}},"type":"if","locations":[{"start":{"line":109,"column":2},"end":{"line":111,"column":3}},{"start":{},"end":{}}]},"5":{"loc":{"start":{"line":112,"column":2},"end":{"line":114,"column":3}},"type":"if","locations":[{"start":{"line":112,"column":2},"end":{"line":114,"column":3}},{"start":{},"end":{}}]},"6":{"loc":{"start":{"line":115,"column":2},"end":{"line":117,"column":3}},"type":"if","locations":[{"start":{"line":115,"column":2},"end":{"line":117,"column":3}},{"start":{},"end":{}}]},"7":{"loc":{"start":{"line":220,"column":2},"end":{"line":222,"column":3}},"type":"if","locations":[{"start":{"line":220,"column":2},"end":{"line":222,"column":3}},{"start":{},"end":{}}]},"8":{"loc":{"start":{"line":223,"column":2},"end":{"line":231,"column":3}},"type":"if","locations":[{"start":{"line":223,"column":2},"end":{"line":231,"column":3}},{"start":{},"end":{}}]},"9":{"loc":{"start":{"line":224,"column":4},"end":{"line":226,"column":27}},"type":"binary-expr","locations":[{"start":{"line":224,"column":4},"end":{"line":224,"column":46}},{"start":{"line":225,"column":4},"end":{"line":225,"column":29}},{"start":{"line":226,"column":4},"end":{"line":226,"column":27}}]},"10":{"loc":{"start":{"line":232,"column":2},"end":{"line":234,"column":3}},"type":"if","locations":[{"start":{"line":232,"column":2},"end":{"line":234,"column":3}},{"start":{},"end":{}}]},"11":{"loc":{"start":{"line":235,"column":2},"end":{"line":237,"column":3}},"type":"if","locations":[{"start":{"line":235,"column":2},"end":{"line":237,"column":3}},{"start":{},"end":{}}]},"12":{"loc":{"start":{"line":253,"column":4},"end":{"line":259,"column":34}},"type":"cond-expr","locations":[{"start":{"line":254,"column":8},"end":{"line":256,"column":34}},{"start":{"line":257,"column":8},"end":{"line":259,"column":34}}]},"13":{"loc":{"start":{"line":289,"column":2},"end":{"line":291,"column":3}},"type":"if","locations":[{"start":{"line":289,"column":2},"end":{"line":291,"column":3}},{"start":{},"end":{}}]},"14":{"loc":{"start":{"line":289,"column":6},"end":{"line":289,"column":52}},"type":"binary-expr","locations":[{"start":{"line":289,"column":6},"end":{"line":289,"column":28}},{"start":{"line":289,"column":32},"end":{"line":289,"column":52}}]},"15":{"loc":{"start":{"line":303,"column":2},"end":{"line":305,"column":3}},"type":"if","locations":[{"start":{"line":303,"column":2},"end":{"line":305,"column":3}},{"start":{},"end":{}}]},"16":{"loc":{"start":{"line":303,"column":6},"end":{"line":303,"column":52}},"type":"binary-expr","locations":[{"start":{"line":303,"column":6},"end":{"line":303,"column":28}},{"start":{"line":303,"column":32},"end":{"line":303,"column":52}}]},"17":{"loc":{"start":{"line":316,"column":2},"end":{"line":318,"column":3}},"type":"if","locations":[{"start":{"line":316,"column":2},"end":{"line":318,"column":3}},{"start":{},"end":{}}]},"18":{"loc":{"start":{"line":316,"column":6},"end":{"line":316,"column":52}},"type":"binary-expr","locations":[{"start":{"line":316,"column":6},"end":{"line":316,"column":28}},{"start":{"line":316,"column":32},"end":{"line":316,"column":52}}]}},"s":{"0":1,"1":1,"2":1,"3":1,"4":1,"5":1,"6":7,"7":7,"8":0,"9":7,"10":0,"11":7,"12":0,"13":7,"14":0,"15":7,"16":0,"17":7,"18":0,"19":7,"20":7,"21":7,"22":7,"23":7,"24":7,"25":7,"26":7,"27":7,"28":7,"29":7,"30":7,"31":7,"32":7,"33":7,"34":7,"35":7,"36":7,"37":7,"38":7,"39":0,"40":0,"41":0,"42":0,"43":0,"44":0,"45":0,"46":0,"47":0,"48":0,"49":0,"50":0,"51":0,"52":0,"53":0,"54":0,"55":0,"56":0,"57":0,"58":0,"59":0,"60":0,"61":0,"62":0,"63":0,"64":0,"65":0,"66":0,"67":0,"68":0,"69":0,"70":0},"f":{"0":7,"1":0,"2":0,"3":0,"4":0},"b":{"0":[0,7],"1":[0,7],"2":[7,7,7],"3":[0,7],"4":[0,7],"5":[0,7],"6":[0,7],"7":[0,0],"8":[0,0],"9":[0,0,0],"10":[0,0],"11":[0,0],"12":[0,0],"13":[0,0],"14":[0,0],"15":[0,0],"16":[0,0],"17":[0,0],"18":[0,0]}}
,"C:\\laragon\\www\\ProcessCalc\\src\\utils\\cuttingCalculations.ts": {"path":"C:\\laragon\\www\\ProcessCalc\\src\\utils\\cuttingCalculations.ts","statementMap":{"0":{"start":{"line":109,"column":0},"end":{"line":109,"column":16}},"1":{"start":{"line":247,"column":0},"end":{"line":247,"column":16}},"2":{"start":{"line":345,"column":0},"end":{"line":345,"column":16}},"3":{"start":{"line":15,"column":13},"end":{"line":82,"column":2}},"4":{"start":{"line":110,"column":2},"end":{"line":112,"column":3}},"5":{"start":{"line":111,"column":4},"end":{"line":111,"column":65}},"6":{"start":{"line":113,"column":19},"end":{"line":113,"column":53}},"7":{"start":{"line":114,"column":2},"end":{"line":116,"column":3}},"8":{"start":{"line":115,"column":4},"end":{"line":115,"column":42}},"9":{"start":{"line":123,"column":21},"end":{"line":123,"column":58}},"10":{"start":{"line":124,"column":32},"end":{"line":124,"column":67}},"11":{"start":{"line":127,"column":25},"end":{"line":127,"column":68}},"12":{"start":{"line":131,"column":20},"end":{"line":131,"column":68}},"13":{"start":{"line":135,"column":24},"end":{"line":135,"column":57}},"14":{"start":{"line":140,"column":4},"end":{"line":140,"column":58}},"15":{"start":{"line":141,"column":25},"end":{"line":141,"column":56}},"16":{"start":{"line":144,"column":21},"end":{"line":144,"column":51}},"17":{"start":{"line":148,"column":25},"end":{"line":148,"column":45}},"18":{"start":{"line":150,"column":25},"end":{"line":150,"column":64}},"19":{"start":{"line":153,"column":27},"end":{"line":153,"column":49}},"20":{"start":{"line":154,"column":24},"end":{"line":154,"column":57}},"21":{"start":{"line":158,"column":22},"end":{"line":158,"column":47}},"22":{"start":{"line":161,"column":19},"end":{"line":161,"column":25}},"23":{"start":{"line":162,"column":27},"end":{"line":162,"column":50}},"24":{"start":{"line":163,"column":25},"end":{"line":163,"column":58}},"25":{"start":{"line":164,"column":2},"end":{"line":170,"column":3}},"26":{"start":{"line":165,"column":4},"end":{"line":165,"column":29}},"27":{"start":{"line":166,"column":9},"end":{"line":170,"column":3}},"28":{"start":{"line":167,"column":4},"end":{"line":167,"column":24}},"29":{"start":{"line":168,"column":9},"end":{"line":170,"column":3}},"30":{"start":{"line":169,"column":4},"end":{"line":169,"column":24}},"31":{"start":{"line":173,"column":21},"end":{"line":173,"column":44}},"32":{"start":{"line":174,"column":22},"end":{"line":174,"column":60}},"33":{"start":{"line":175,"column":26},"end":{"line":175,"column":58}},"34":{"start":{"line":176,"column":28},"end":{"line":176,"column":58}},"35":{"start":{"line":178,"column":4},"end":{"line":178,"column":72}},"36":{"start":{"line":179,"column":27},"end":{"line":179,"column":66}},"37":{"start":{"line":182,"column":36},"end":{"line":182,"column":38}},"38":{"start":{"line":183,"column":2},"end":{"line":189,"column":3}},"39":{"start":{"line":184,"column":4},"end":{"line":186,"column":6}},"40":{"start":{"line":187,"column":9},"end":{"line":189,"column":3}},"41":{"start":{"line":188,"column":4},"end":{"line":188,"column":72}},"42":{"start":{"line":190,"column":2},"end":{"line":192,"column":3}},"43":{"start":{"line":191,"column":4},"end":{"line":191,"column":78}},"44":{"start":{"line":193,"column":2},"end":{"line":197,"column":3}},"45":{"start":{"line":194,"column":4},"end":{"line":196,"column":6}},"46":{"start":{"line":198,"column":2},"end":{"line":202,"column":3}},"47":{"start":{"line":199,"column":4},"end":{"line":201,"column":6}},"48":{"start":{"line":203,"column":2},"end":{"line":205,"column":3}},"49":{"start":{"line":204,"column":4},"end":{"line":204,"column":64}},"50":{"start":{"line":210,"column":2},"end":{"line":222,"column":4}},"51":{"start":{"line":248,"column":19},"end":{"line":248,"column":53}},"52":{"start":{"line":249,"column":2},"end":{"line":251,"column":3}},"53":{"start":{"line":250,"column":4},"end":{"line":250,"column":42}},"54":{"start":{"line":259,"column":23},"end":{"line":259,"column":58}},"55":{"start":{"line":260,"column":22},"end":{"line":260,"column":48}},"56":{"start":{"line":264,"column":25},"end":{"line":264,"column":68}},"57":{"start":{"line":265,"column":26},"end":{"line":265,"column":71}},"58":{"start":{"line":270,"column":20},"end":{"line":270,"column":57}},"59":{"start":{"line":271,"column":25},"end":{"line":271,"column":59}},"60":{"start":{"line":272,"column":24},"end":{"line":272,"column":70}},"61":{"start":{"line":277,"column":23},"end":{"line":277,"column":67}},"62":{"start":{"line":278,"column":27},"end":{"line":278,"column":62}},"63":{"start":{"line":281,"column":21},"end":{"line":281,"column":57}},"64":{"start":{"line":286,"column":25},"end":{"line":286,"column":55}},"65":{"start":{"line":287,"column":25},"end":{"line":287,"column":64}},"66":{"start":{"line":290,"column":27},"end":{"line":290,"column":49}},"67":{"start":{"line":291,"column":24},"end":{"line":291,"column":57}},"68":{"start":{"line":294,"column":25},"end":{"line":294,"column":48}},"69":{"start":{"line":295,"column":22},"end":{"line":295,"column":45}},"70":{"start":{"line":296,"column":20},"end":{"line":296,"column":53}},"71":{"start":{"line":300,"column":4},"end":{"line":300,"column":66}},"72":{"start":{"line":305,"column":4},"end":{"line":305,"column":74}},"73":{"start":{"line":308,"column":36},"end":{"line":308,"column":38}},"74":{"start":{"line":309,"column":2},"end":{"line":313,"column":3}},"75":{"start":{"line":310,"column":4},"end":{"line":310,"column":74}},"76":{"start":{"line":311,"column":9},"end":{"line":313,"column":3}},"77":{"start":{"line":312,"column":4},"end":{"line":312,"column":70}},"78":{"start":{"line":314,"column":2},"end":{"line":318,"column":3}},"79":{"start":{"line":315,"column":4},"end":{"line":315,"column":68}},"80":{"start":{"line":316,"column":9},"end":{"line":318,"column":3}},"81":{"start":{"line":317,"column":4},"end":{"line":317,"column":72}},"82":{"start":{"line":319,"column":2},"end":{"line":323,"column":3}},"83":{"start":{"line":320,"column":4},"end":{"line":322,"column":6}},"84":{"start":{"line":324,"column":2},"end":{"line":326,"column":3}},"85":{"start":{"line":325,"column":4},"end":{"line":325,"column":62}},"86":{"start":{"line":331,"column":2},"end":{"line":341,"column":4}},"87":{"start":{"line":346,"column":14},"end":{"line":346,"column":41}},"88":{"start":{"line":347,"column":2},"end":{"line":347,"column":24}},"89":{"start":{"line":347,"column":12},"end":{"line":347,"column":24}},"90":{"start":{"line":349,"column":27},"end":{"line":349,"column":67}},"91":{"start":{"line":350,"column":23},"end":{"line":350,"column":45}},"92":{"start":{"line":351,"column":23},"end":{"line":351,"column":45}},"93":{"start":{"line":353,"column":2},"end":{"line":358,"column":4}}},"fnMap":{"0":{"name":"calculatePunching","decl":{"start":{"line":109,"column":16},"end":{"line":109,"column":33}},"loc":{"start":{"line":109,"column":60},"end":{"line":223,"column":1}}},"1":{"name":"calculateShearing","decl":{"start":{"line":247,"column":16},"end":{"line":247,"column":33}},"loc":{"start":{"line":247,"column":60},"end":{"line":342,"column":1}}},"2":{"name":"optimizeClearance","decl":{"start":{"line":345,"column":16},"end":{"line":345,"column":33}},"loc":{"start":{"line":345,"column":69},"end":{"line":359,"column":1}}}},"branchMap":{"0":{"loc":{"start":{"line":110,"column":2},"end":{"line":112,"column":3}},"type":"if","locations":[{"start":{"line":110,"column":2},"end":{"line":112,"column":3}},{"start":{},"end":{}}]},"1":{"loc":{"start":{"line":114,"column":2},"end":{"line":116,"column":3}},"type":"if","locations":[{"start":{"line":114,"column":2},"end":{"line":116,"column":3}},{"start":{},"end":{}}]},"2":{"loc":{"start":{"line":164,"column":2},"end":{"line":170,"column":3}},"type":"if","locations":[{"start":{"line":164,"column":2},"end":{"line":170,"column":3}},{"start":{"line":166,"column":9},"end":{"line":170,"column":3}}]},"3":{"loc":{"start":{"line":164,"column":6},"end":{"line":164,"column":52}},"type":"binary-expr","locations":[{"start":{"line":164,"column":6},"end":{"line":164,"column":27}},{"start":{"line":164,"column":31},"end":{"line":164,"column":52}}]},"4":{"loc":{"start":{"line":166,"column":9},"end":{"line":170,"column":3}},"type":"if","locations":[{"start":{"line":166,"column":9},"end":{"line":170,"column":3}},{"start":{"line":168,"column":9},"end":{"line":170,"column":3}}]},"5":{"loc":{"start":{"line":166,"column":13},"end":{"line":166,"column":59}},"type":"binary-expr","locations":[{"start":{"line":166,"column":13},"end":{"line":166,"column":34}},{"start":{"line":166,"column":38},"end":{"line":166,"column":59}}]},"6":{"loc":{"start":{"line":168,"column":9},"end":{"line":170,"column":3}},"type":"if","locations":[{"start":{"line":168,"column":9},"end":{"line":170,"column":3}},{"start":{},"end":{}}]},"7":{"loc":{"start":{"line":168,"column":13},"end":{"line":168,"column":59}},"type":"binary-expr","locations":[{"start":{"line":168,"column":13},"end":{"line":168,"column":34}},{"start":{"line":168,"column":38},"end":{"line":168,"column":59}}]},"8":{"loc":{"start":{"line":176,"column":28},"end":{"line":176,"column":58}},"type":"cond-expr","locations":[{"start":{"line":176,"column":49},"end":{"line":176,"column":52}},{"start":{"line":176,"column":55},"end":{"line":176,"column":58}}]},"9":{"loc":{"start":{"line":183,"column":2},"end":{"line":189,"column":3}},"type":"if","locations":[{"start":{"line":183,"column":2},"end":{"line":189,"column":3}},{"start":{"line":187,"column":9},"end":{"line":189,"column":3}}]},"10":{"loc":{"start":{"line":187,"column":9},"end":{"line":189,"column":3}},"type":"if","locations":[{"start":{"line":187,"column":9},"end":{"line":189,"column":3}},{"start":{},"end":{}}]},"11":{"loc":{"start":{"line":190,"column":2},"end":{"line":192,"column":3}},"type":"if","locations":[{"start":{"line":190,"column":2},"end":{"line":192,"column":3}},{"start":{},"end":{}}]},"12":{"loc":{"start":{"line":193,"column":2},"end":{"line":197,"column":3}},"type":"if","locations":[{"start":{"line":193,"column":2},"end":{"line":197,"column":3}},{"start":{},"end":{}}]},"13":{"loc":{"start":{"line":198,"column":2},"end":{"line":202,"column":3}},"type":"if","locations":[{"start":{"line":198,"column":2},"end":{"line":202,"column":3}},{"start":{},"end":{}}]},"14":{"loc":{"start":{"line":203,"column":2},"end":{"line":205,"column":3}},"type":"if","locations":[{"start":{"line":203,"column":2},"end":{"line":205,"column":3}},{"start":{},"end":{}}]},"15":{"loc":{"start":{"line":249,"column":2},"end":{"line":251,"column":3}},"type":"if","locations":[{"start":{"line":249,"column":2},"end":{"line":251,"column":3}},{"start":{},"end":{}}]},"16":{"loc":{"start":{"line":309,"column":2},"end":{"line":313,"column":3}},"type":"if","locations":[{"start":{"line":309,"column":2},"end":{"line":313,"column":3}},{"start":{"line":311,"column":9},"end":{"line":313,"column":3}}]},"17":{"loc":{"start":{"line":311,"column":9},"end":{"line":313,"column":3}},"type":"if","locations":[{"start":{"line":311,"column":9},"end":{"line":313,"column":3}},{"start":{},"end":{}}]},"18":{"loc":{"start":{"line":314,"column":2},"end":{"line":318,"column":3}},"type":"if","locations":[{"start":{"line":314,"column":2},"end":{"line":318,"column":3}},{"start":{"line":316,"column":9},"end":{"line":318,"column":3}}]},"19":{"loc":{"start":{"line":316,"column":9},"end":{"line":318,"column":3}},"type":"if","locations":[{"start":{"line":316,"column":9},"end":{"line":318,"column":3}},{"start":{},"end":{}}]},"20":{"loc":{"start":{"line":319,"column":2},"end":{"line":323,"column":3}},"type":"if","locations":[{"start":{"line":319,"column":2},"end":{"line":323,"column":3}},{"start":{},"end":{}}]},"21":{"loc":{"start":{"line":324,"column":2},"end":{"line":326,"column":3}},"type":"if","locations":[{"start":{"line":324,"column":2},"end":{"line":326,"column":3}},{"start":{},"end":{}}]},"22":{"loc":{"start":{"line":347,"column":2},"end":{"line":347,"column":24}},"type":"if","locations":[{"start":{"line":347,"column":2},"end":{"line":347,"column":24}},{"start":{},"end":{}}]}},"s":{"0":1,"1":1,"2":1,"3":1,"4":8,"5":1,"6":7,"7":7,"8":0,"9":7,"10":7,"11":7,"12":7,"13":7,"14":7,"15":7,"16":7,"17":7,"18":7,"19":7,"20":7,"21":7,"22":7,"23":7,"24":7,"25":7,"26":0,"27":7,"28":0,"29":7,"30":7,"31":7,"32":7,"33":7,"34":7,"35":7,"36":7,"37":7,"38":7,"39":0,"40":7,"41":7,"42":7,"43":0,"44":7,"45":1,"46":7,"47":0,"48":7,"49":0,"50":7,"51":0,"52":0,"53":0,"54":0,"55":0,"56":0,"57":0,"58":0,"59":0,"60":0,"61":0,"62":0,"63":0,"64":0,"65":0,"66":0,"67":0,"68":0,"69":0,"70":0,"71":0,"72":0,"73":0,"74":0,"75":0,"76":0,"77":0,"78":0,"79":0,"80":0,"81":0,"82":0,"83":0,"84":0,"85":0,"86":0,"87":0,"88":0,"89":0,"90":0,"91":0,"92":0,"93":0},"f":{"0":8,"1":0,"2":0},"b":{"0":[1,7],"1":[0,7],"2":[0,7],"3":[7,7],"4":[0,7],"5":[7,7],"6":[7,0],"7":[7,7],"8":[6,1],"9":[0,7],"10":[7,0],"11":[0,7],"12":[1,6],"13":[0,7],"14":[0,7],"15":[0,0],"16":[0,0],"17":[0,0],"18":[0,0],"19":[0,0],"20":[0,0],"21":[0,0],"22":[0,0]}}
,"C:\\laragon\\www\\ProcessCalc\\src\\utils\\drawingExtrusionCalculations.ts": {"path":"C:\\laragon\\www\\ProcessCalc\\src\\utils\\drawingExtrusionCalculations.ts","statementMap":{"0":{"start":{"line":77,"column":0},"end":{"line":77,"column":16}},"1":{"start":{"line":179,"column":0},"end":{"line":179,"column":16}},"2":{"start":{"line":13,"column":13},"end":{"line":50,"column":2}},"3":{"start":{"line":80,"column":2},"end":{"line":82,"column":3}},"4":{"start":{"line":81,"column":4},"end":{"line":81,"column":73}},"5":{"start":{"line":83,"column":19},"end":{"line":83,"column":53}},"6":{"start":{"line":84,"column":2},"end":{"line":86,"column":3}},"7":{"start":{"line":85,"column":4},"end":{"line":85,"column":42}},"8":{"start":{"line":89,"column":22},"end":{"line":89,"column":71}},"9":{"start":{"line":90,"column":20},"end":{"line":90,"column":67}},"10":{"start":{"line":91,"column":25},"end":{"line":91,"column":72}},"11":{"start":{"line":92,"column":27},"end":{"line":92,"column":65}},"12":{"start":{"line":93,"column":21},"end":{"line":93,"column":54}},"13":{"start":{"line":96,"column":21},"end":{"line":96,"column":58}},"14":{"start":{"line":97,"column":32},"end":{"line":97,"column":67}},"15":{"start":{"line":100,"column":23},"end":{"line":100,"column":56}},"16":{"start":{"line":102,"column":4},"end":{"line":102,"column":63}},"17":{"start":{"line":105,"column":25},"end":{"line":107,"column":34}},"18":{"start":{"line":111,"column":4},"end":{"line":113,"column":37}},"19":{"start":{"line":116,"column":23},"end":{"line":116,"column":55}},"20":{"start":{"line":119,"column":23},"end":{"line":119,"column":67}},"21":{"start":{"line":122,"column":20},"end":{"line":122,"column":47}},"22":{"start":{"line":126,"column":4},"end":{"line":126,"column":75}},"23":{"start":{"line":129,"column":20},"end":{"line":129,"column":75}},"24":{"start":{"line":130,"column":21},"end":{"line":130,"column":63}},"25":{"start":{"line":133,"column":26},"end":{"line":138,"column":4}},"26":{"start":{"line":140,"column":2},"end":{"line":151,"column":4}},"27":{"start":{"line":182,"column":19},"end":{"line":182,"column":53}},"28":{"start":{"line":183,"column":2},"end":{"line":185,"column":3}},"29":{"start":{"line":184,"column":4},"end":{"line":184,"column":42}},"30":{"start":{"line":188,"column":21},"end":{"line":188,"column":69}},"31":{"start":{"line":189,"column":23},"end":{"line":189,"column":73}},"32":{"start":{"line":190,"column":25},"end":{"line":190,"column":50}},"33":{"start":{"line":193,"column":21},"end":{"line":193,"column":58}},"34":{"start":{"line":194,"column":29},"end":{"line":194,"column":72}},"35":{"start":{"line":197,"column":23},"end":{"line":197,"column":56}},"36":{"start":{"line":198,"column":22},"end":{"line":198,"column":48}},"37":{"start":{"line":201,"column":25},"end":{"line":201,"column":57}},"38":{"start":{"line":202,"column":25},"end":{"line":202,"column":70}},"39":{"start":{"line":205,"column":25},"end":{"line":205,"column":70}},"40":{"start":{"line":209,"column":4},"end":{"line":213,"column":18}},"41":{"start":{"line":216,"column":25},"end":{"line":216,"column":62}},"42":{"start":{"line":219,"column":25},"end":{"line":219,"column":76}},"43":{"start":{"line":222,"column":24},"end":{"line":222,"column":67}},"44":{"start":{"line":225,"column":23},"end":{"line":225,"column":61}},"45":{"start":{"line":228,"column":19},"end":{"line":228,"column":67}},"46":{"start":{"line":232,"column":4},"end":{"line":232,"column":71}},"47":{"start":{"line":233,"column":21},"end":{"line":233,"column":63}},"48":{"start":{"line":236,"column":26},"end":{"line":241,"column":4}},"49":{"start":{"line":243,"column":2},"end":{"line":253,"column":4}},"50":{"start":{"line":267,"column":36},"end":{"line":267,"column":38}},"51":{"start":{"line":269,"column":2},"end":{"line":277,"column":3}},"52":{"start":{"line":270,"column":4},"end":{"line":276,"column":6}},"53":{"start":{"line":279,"column":2},"end":{"line":285,"column":3}},"54":{"start":{"line":280,"column":4},"end":{"line":282,"column":6}},"55":{"start":{"line":283,"column":9},"end":{"line":285,"column":3}},"56":{"start":{"line":284,"column":4},"end":{"line":284,"column":75}},"57":{"start":{"line":287,"column":2},"end":{"line":291,"column":3}},"58":{"start":{"line":288,"column":4},"end":{"line":290,"column":6}},"59":{"start":{"line":293,"column":2},"end":{"line":297,"column":3}},"60":{"start":{"line":294,"column":4},"end":{"line":296,"column":6}},"61":{"start":{"line":299,"column":2},"end":{"line":301,"column":3}},"62":{"start":{"line":300,"column":4},"end":{"line":300,"column":80}},"63":{"start":{"line":303,"column":2},"end":{"line":307,"column":3}},"64":{"start":{"line":304,"column":4},"end":{"line":306,"column":6}},"65":{"start":{"line":309,"column":2},"end":{"line":313,"column":3}},"66":{"start":{"line":310,"column":4},"end":{"line":312,"column":6}},"67":{"start":{"line":315,"column":2},"end":{"line":315,"column":25}},"68":{"start":{"line":328,"column":36},"end":{"line":328,"column":38}},"69":{"start":{"line":330,"column":2},"end":{"line":334,"column":3}},"70":{"start":{"line":331,"column":4},"end":{"line":333,"column":6}},"71":{"start":{"line":336,"column":2},"end":{"line":340,"column":3}},"72":{"start":{"line":337,"column":4},"end":{"line":339,"column":6}},"73":{"start":{"line":342,"column":2},"end":{"line":346,"column":3}},"74":{"start":{"line":343,"column":4},"end":{"line":345,"column":6}},"75":{"start":{"line":348,"column":2},"end":{"line":350,"column":3}},"76":{"start":{"line":349,"column":4},"end":{"line":349,"column":78}},"77":{"start":{"line":352,"column":2},"end":{"line":356,"column":3}},"78":{"start":{"line":353,"column":4},"end":{"line":355,"column":6}},"79":{"start":{"line":358,"column":2},"end":{"line":362,"column":3}},"80":{"start":{"line":359,"column":4},"end":{"line":361,"column":6}},"81":{"start":{"line":364,"column":2},"end":{"line":366,"column":3}},"82":{"start":{"line":365,"column":4},"end":{"line":365,"column":78}},"83":{"start":{"line":368,"column":2},"end":{"line":370,"column":3}},"84":{"start":{"line":369,"column":4},"end":{"line":369,"column":80}},"85":{"start":{"line":372,"column":2},"end":{"line":372,"column":25}}},"fnMap":{"0":{"name":"calculateWireDrawing","decl":{"start":{"line":77,"column":16},"end":{"line":77,"column":36}},"loc":{"start":{"line":78,"column":31},"end":{"line":152,"column":1}}},"1":{"name":"calculateExtrusion","decl":{"start":{"line":179,"column":16},"end":{"line":179,"column":34}},"loc":{"start":{"line":180,"column":29},"end":{"line":254,"column":1}}},"2":{"name":"generateDrawingRecommendations","decl":{"start":{"line":257,"column":9},"end":{"line":257,"column":39}},"loc":{"start":{"line":265,"column":3},"end":{"line":316,"column":1}}},"3":{"name":"generateExtrusionRecommendations","decl":{"start":{"line":318,"column":9},"end":{"line":318,"column":41}},"loc":{"start":{"line":326,"column":3},"end":{"line":373,"column":1}}}},"branchMap":{"0":{"loc":{"start":{"line":80,"column":2},"end":{"line":82,"column":3}},"type":"if","locations":[{"start":{"line":80,"column":2},"end":{"line":82,"column":3}},{"start":{},"end":{}}]},"1":{"loc":{"start":{"line":84,"column":2},"end":{"line":86,"column":3}},"type":"if","locations":[{"start":{"line":84,"column":2},"end":{"line":86,"column":3}},{"start":{},"end":{}}]},"2":{"loc":{"start":{"line":105,"column":25},"end":{"line":107,"column":34}},"type":"cond-expr","locations":[{"start":{"line":106,"column":6},"end":{"line":106,"column":40}},{"start":{"line":107,"column":6},"end":{"line":107,"column":34}}]},"3":{"loc":{"start":{"line":183,"column":2},"end":{"line":185,"column":3}},"type":"if","locations":[{"start":{"line":183,"column":2},"end":{"line":185,"column":3}},{"start":{},"end":{}}]},"4":{"loc":{"start":{"line":201,"column":25},"end":{"line":201,"column":57}},"type":"cond-expr","locations":[{"start":{"line":201,"column":46},"end":{"line":201,"column":50}},{"start":{"line":201,"column":53},"end":{"line":201,"column":57}}]},"5":{"loc":{"start":{"line":205,"column":25},"end":{"line":205,"column":70}},"type":"cond-expr","locations":[{"start":{"line":205,"column":61},"end":{"line":205,"column":64}},{"start":{"line":205,"column":67},"end":{"line":205,"column":70}}]},"6":{"loc":{"start":{"line":269,"column":2},"end":{"line":277,"column":3}},"type":"if","locations":[{"start":{"line":269,"column":2},"end":{"line":277,"column":3}},{"start":{},"end":{}}]},"7":{"loc":{"start":{"line":279,"column":2},"end":{"line":285,"column":3}},"type":"if","locations":[{"start":{"line":279,"column":2},"end":{"line":285,"column":3}},{"start":{"line":283,"column":9},"end":{"line":285,"column":3}}]},"8":{"loc":{"start":{"line":283,"column":9},"end":{"line":285,"column":3}},"type":"if","locations":[{"start":{"line":283,"column":9},"end":{"line":285,"column":3}},{"start":{},"end":{}}]},"9":{"loc":{"start":{"line":287,"column":2},"end":{"line":291,"column":3}},"type":"if","locations":[{"start":{"line":287,"column":2},"end":{"line":291,"column":3}},{"start":{},"end":{}}]},"10":{"loc":{"start":{"line":293,"column":2},"end":{"line":297,"column":3}},"type":"if","locations":[{"start":{"line":293,"column":2},"end":{"line":297,"column":3}},{"start":{},"end":{}}]},"11":{"loc":{"start":{"line":299,"column":2},"end":{"line":301,"column":3}},"type":"if","locations":[{"start":{"line":299,"column":2},"end":{"line":301,"column":3}},{"start":{},"end":{}}]},"12":{"loc":{"start":{"line":303,"column":2},"end":{"line":307,"column":3}},"type":"if","locations":[{"start":{"line":303,"column":2},"end":{"line":307,"column":3}},{"start":{},"end":{}}]},"13":{"loc":{"start":{"line":309,"column":2},"end":{"line":313,"column":3}},"type":"if","locations":[{"start":{"line":309,"column":2},"end":{"line":313,"column":3}},{"start":{},"end":{}}]},"14":{"loc":{"start":{"line":330,"column":2},"end":{"line":334,"column":3}},"type":"if","locations":[{"start":{"line":330,"column":2},"end":{"line":334,"column":3}},{"start":{},"end":{}}]},"15":{"loc":{"start":{"line":336,"column":2},"end":{"line":340,"column":3}},"type":"if","locations":[{"start":{"line":336,"column":2},"end":{"line":340,"column":3}},{"start":{},"end":{}}]},"16":{"loc":{"start":{"line":336,"column":6},"end":{"line":336,"column":65}},"type":"binary-expr","locations":[{"start":{"line":336,"column":6},"end":{"line":336,"column":30}},{"start":{"line":336,"column":34},"end":{"line":336,"column":65}}]},"17":{"loc":{"start":{"line":342,"column":2},"end":{"line":346,"column":3}},"type":"if","locations":[{"start":{"line":342,"column":2},"end":{"line":346,"column":3}},{"start":{},"end":{}}]},"18":{"loc":{"start":{"line":348,"column":2},"end":{"line":350,"column":3}},"type":"if","locations":[{"start":{"line":348,"column":2},"end":{"line":350,"column":3}},{"start":{},"end":{}}]},"19":{"loc":{"start":{"line":352,"column":2},"end":{"line":356,"column":3}},"type":"if","locations":[{"start":{"line":352,"column":2},"end":{"line":356,"column":3}},{"start":{},"end":{}}]},"20":{"loc":{"start":{"line":352,"column":6},"end":{"line":352,"column":62}},"type":"binary-expr","locations":[{"start":{"line":352,"column":6},"end":{"line":352,"column":25}},{"start":{"line":352,"column":29},"end":{"line":352,"column":62}}]},"21":{"loc":{"start":{"line":358,"column":2},"end":{"line":362,"column":3}},"type":"if","locations":[{"start":{"line":358,"column":2},"end":{"line":362,"column":3}},{"start":{},"end":{}}]},"22":{"loc":{"start":{"line":364,"column":2},"end":{"line":366,"column":3}},"type":"if","locations":[{"start":{"line":364,"column":2},"end":{"line":366,"column":3}},{"start":{},"end":{}}]},"23":{"loc":{"start":{"line":364,"column":6},"end":{"line":364,"column":60}},"type":"binary-expr","locations":[{"start":{"line":364,"column":6},"end":{"line":364,"column":32}},{"start":{"line":364,"column":36},"end":{"line":364,"column":60}}]},"24":{"loc":{"start":{"line":368,"column":2},"end":{"line":370,"column":3}},"type":"if","locations":[{"start":{"line":368,"column":2},"end":{"line":370,"column":3}},{"start":{},"end":{}}]}},"s":{"0":1,"1":1,"2":1,"3":5,"4":1,"5":4,"6":4,"7":1,"8":3,"9":3,"10":3,"11":3,"12":3,"13":3,"14":3,"15":3,"16":3,"17":3,"18":3,"19":3,"20":3,"21":3,"22":3,"23":3,"24":3,"25":3,"26":3,"27":0,"28":0,"29":0,"30":0,"31":0,"32":0,"33":0,"34":0,"35":0,"36":0,"37":0,"38":0,"39":0,"40":0,"41":0,"42":0,"43":0,"44":0,"45":0,"46":0,"47":0,"48":0,"49":0,"50":3,"51":3,"52":3,"53":3,"54":0,"55":3,"56":0,"57":3,"58":1,"59":3,"60":0,"61":3,"62":3,"63":3,"64":0,"65":3,"66":0,"67":3,"68":0,"69":0,"70":0,"71":0,"72":0,"73":0,"74":0,"75":0,"76":0,"77":0,"78":0,"79":0,"80":0,"81":0,"82":0,"83":0,"84":0,"85":0},"f":{"0":5,"1":0,"2":3,"3":0},"b":{"0":[1,4],"1":[1,3],"2":[2,1],"3":[0,0],"4":[0,0],"5":[0,0],"6":[3,0],"7":[0,3],"8":[0,3],"9":[1,2],"10":[0,3],"11":[3,0],"12":[0,3],"13":[0,3],"14":[0,0],"15":[0,0],"16":[0,0],"17":[0,0],"18":[0,0],"19":[0,0],"20":[0,0],"21":[0,0],"22":[0,0],"23":[0,0],"24":[0,0]}}
,"C:\\laragon\\www\\ProcessCalc\\src\\utils\\machiningCalculations.ts": {"path":"C:\\laragon\\www\\ProcessCalc\\src\\utils\\machiningCalculations.ts","statementMap":{"0":{"start":{"line":137,"column":0},"end":{"line":137,"column":16}},"1":{"start":{"line":254,"column":0},"end":{"line":254,"column":16}},"2":{"start":{"line":350,"column":0},"end":{"line":350,"column":16}},"3":{"start":{"line":19,"column":13},"end":{"line":111,"column":4}},"4":{"start":{"line":138,"column":29},"end":{"line":138,"column":69}},"5":{"start":{"line":139,"column":2},"end":{"line":141,"column":3}},"6":{"start":{"line":140,"column":4},"end":{"line":140,"column":45}},"7":{"start":{"line":142,"column":2},"end":{"line":144,"column":3}},"8":{"start":{"line":143,"column":4},"end":{"line":143,"column":58}},"9":{"start":{"line":145,"column":19},"end":{"line":145,"column":55}},"10":{"start":{"line":146,"column":2},"end":{"line":148,"column":3}},"11":{"start":{"line":147,"column":4},"end":{"line":147,"column":42}},"12":{"start":{"line":157,"column":4},"end":{"line":157,"column":62}},"13":{"start":{"line":163,"column":4},"end":{"line":163,"column":68}},"14":{"start":{"line":168,"column":31},"end":{"line":168,"column":61}},"15":{"start":{"line":169,"column":19},"end":{"line":169,"column":54}},"16":{"start":{"line":170,"column":23},"end":{"line":170,"column":54}},"17":{"start":{"line":174,"column":23},"end":{"line":174,"column":67}},"18":{"start":{"line":178,"column":24},"end":{"line":178,"column":72}},"19":{"start":{"line":182,"column":27},"end":{"line":182,"column":74}},"20":{"start":{"line":186,"column":25},"end":{"line":186,"column":65}},"21":{"start":{"line":187,"column":25},"end":{"line":189,"column":null}},"22":{"start":{"line":191,"column":19},"end":{"line":193,"column":null}},"23":{"start":{"line":198,"column":19},"end":{"line":198,"column":51}},"24":{"start":{"line":199,"column":28},"end":{"line":199,"column":31}},"25":{"start":{"line":200,"column":26},"end":{"line":200,"column":29}},"26":{"start":{"line":202,"column":4},"end":{"line":203,"column":41}},"27":{"start":{"line":206,"column":26},"end":{"line":211,"column":4}},"28":{"start":{"line":216,"column":2},"end":{"line":226,"column":4}},"29":{"start":{"line":255,"column":19},"end":{"line":255,"column":55}},"30":{"start":{"line":256,"column":2},"end":{"line":258,"column":3}},"31":{"start":{"line":257,"column":4},"end":{"line":257,"column":42}},"32":{"start":{"line":262,"column":4},"end":{"line":262,"column":66}},"33":{"start":{"line":266,"column":4},"end":{"line":266,"column":66}},"34":{"start":{"line":270,"column":4},"end":{"line":270,"column":58}},"35":{"start":{"line":273,"column":31},"end":{"line":273,"column":61}},"36":{"start":{"line":274,"column":31},"end":{"line":274,"column":67}},"37":{"start":{"line":276,"column":4},"end":{"line":279,"column":24}},"38":{"start":{"line":280,"column":23},"end":{"line":280,"column":60}},"39":{"start":{"line":283,"column":25},"end":{"line":284,"column":null}},"40":{"start":{"line":286,"column":24},"end":{"line":286,"column":74}},"41":{"start":{"line":289,"column":27},"end":{"line":289,"column":68}},"42":{"start":{"line":292,"column":25},"end":{"line":292,"column":65}},"43":{"start":{"line":294,"column":4},"end":{"line":295,"column":7}},"44":{"start":{"line":296,"column":19},"end":{"line":296,"column":78}},"45":{"start":{"line":299,"column":19},"end":{"line":299,"column":57}},"46":{"start":{"line":300,"column":28},"end":{"line":300,"column":31}},"47":{"start":{"line":301,"column":26},"end":{"line":301,"column":29}},"48":{"start":{"line":303,"column":4},"end":{"line":304,"column":41}},"49":{"start":{"line":307,"column":26},"end":{"line":312,"column":4}},"50":{"start":{"line":314,"column":2},"end":{"line":324,"column":4}},"51":{"start":{"line":351,"column":19},"end":{"line":351,"column":55}},"52":{"start":{"line":352,"column":2},"end":{"line":354,"column":3}},"53":{"start":{"line":353,"column":4},"end":{"line":353,"column":42}},"54":{"start":{"line":358,"column":4},"end":{"line":358,"column":62}},"55":{"start":{"line":361,"column":19},"end":{"line":361,"column":65}},"56":{"start":{"line":363,"column":4},"end":{"line":363,"column":60}},"57":{"start":{"line":366,"column":30},"end":{"line":366,"column":60}},"58":{"start":{"line":367,"column":22},"end":{"line":367,"column":61}},"59":{"start":{"line":370,"column":25},"end":{"line":370,"column":55}},"60":{"start":{"line":372,"column":4},"end":{"line":372,"column":76}},"61":{"start":{"line":375,"column":23},"end":{"line":375,"column":79}},"62":{"start":{"line":378,"column":16},"end":{"line":378,"column":66}},"63":{"start":{"line":381,"column":23},"end":{"line":381,"column":59}},"64":{"start":{"line":382,"column":25},"end":{"line":382,"column":59}},"65":{"start":{"line":384,"column":4},"end":{"line":384,"column":65}},"66":{"start":{"line":385,"column":24},"end":{"line":385,"column":50}},"67":{"start":{"line":386,"column":19},"end":{"line":386,"column":78}},"68":{"start":{"line":389,"column":19},"end":{"line":389,"column":57}},"69":{"start":{"line":390,"column":28},"end":{"line":390,"column":31}},"70":{"start":{"line":391,"column":26},"end":{"line":391,"column":29}},"71":{"start":{"line":393,"column":4},"end":{"line":393,"column":78}},"72":{"start":{"line":396,"column":26},"end":{"line":401,"column":4}},"73":{"start":{"line":403,"column":2},"end":{"line":413,"column":4}},"74":{"start":{"line":418,"column":20},"end":{"line":423,"column":4}},"75":{"start":{"line":424,"column":2},"end":{"line":424,"column":68}},"76":{"start":{"line":431,"column":24},"end":{"line":436,"column":4}},"77":{"start":{"line":438,"column":4},"end":{"line":438,"column":67}},"78":{"start":{"line":439,"column":2},"end":{"line":439,"column":52}},"79":{"start":{"line":443,"column":16},"end":{"line":448,"column":4}},"80":{"start":{"line":449,"column":2},"end":{"line":449,"column":56}},"81":{"start":{"line":453,"column":19},"end":{"line":458,"column":4}},"82":{"start":{"line":459,"column":2},"end":{"line":459,"column":63}},"83":{"start":{"line":472,"column":36},"end":{"line":472,"column":38}},"84":{"start":{"line":474,"column":27},"end":{"line":474,"column":73}},"85":{"start":{"line":476,"column":2},"end":{"line":482,"column":3}},"86":{"start":{"line":477,"column":4},"end":{"line":477,"column":80}},"87":{"start":{"line":478,"column":9},"end":{"line":482,"column":3}},"88":{"start":{"line":479,"column":4},"end":{"line":481,"column":6}},"89":{"start":{"line":484,"column":2},"end":{"line":486,"column":3}},"90":{"start":{"line":485,"column":4},"end":{"line":485,"column":73}},"91":{"start":{"line":488,"column":2},"end":{"line":492,"column":3}},"92":{"start":{"line":489,"column":4},"end":{"line":491,"column":6}},"93":{"start":{"line":494,"column":2},"end":{"line":496,"column":3}},"94":{"start":{"line":495,"column":4},"end":{"line":495,"column":78}},"95":{"start":{"line":498,"column":2},"end":{"line":500,"column":3}},"96":{"start":{"line":499,"column":4},"end":{"line":499,"column":80}},"97":{"start":{"line":502,"column":2},"end":{"line":504,"column":3}},"98":{"start":{"line":503,"column":4},"end":{"line":503,"column":79}},"99":{"start":{"line":506,"column":2},"end":{"line":506,"column":25}},"100":{"start":{"line":519,"column":36},"end":{"line":519,"column":38}},"101":{"start":{"line":521,"column":2},"end":{"line":525,"column":3}},"102":{"start":{"line":522,"column":4},"end":{"line":522,"column":77}},"103":{"start":{"line":523,"column":9},"end":{"line":525,"column":3}},"104":{"start":{"line":524,"column":4},"end":{"line":524,"column":77}},"105":{"start":{"line":527,"column":2},"end":{"line":532,"column":3}},"106":{"start":{"line":531,"column":4},"end":{"line":531,"column":80}},"107":{"start":{"line":534,"column":2},"end":{"line":538,"column":3}},"108":{"start":{"line":535,"column":4},"end":{"line":537,"column":6}},"109":{"start":{"line":540,"column":2},"end":{"line":542,"column":3}},"110":{"start":{"line":541,"column":4},"end":{"line":541,"column":75}},"111":{"start":{"line":544,"column":2},"end":{"line":548,"column":3}},"112":{"start":{"line":545,"column":4},"end":{"line":547,"column":6}},"113":{"start":{"line":550,"column":2},"end":{"line":552,"column":3}},"114":{"start":{"line":551,"column":4},"end":{"line":551,"column":66}},"115":{"start":{"line":554,"column":2},"end":{"line":554,"column":25}},"116":{"start":{"line":567,"column":36},"end":{"line":567,"column":38}},"117":{"start":{"line":569,"column":2},"end":{"line":573,"column":3}},"118":{"start":{"line":570,"column":4},"end":{"line":572,"column":6}},"119":{"start":{"line":575,"column":2},"end":{"line":582,"column":3}},"120":{"start":{"line":579,"column":4},"end":{"line":581,"column":6}},"121":{"start":{"line":584,"column":2},"end":{"line":588,"column":3}},"122":{"start":{"line":585,"column":4},"end":{"line":587,"column":6}},"123":{"start":{"line":590,"column":2},"end":{"line":594,"column":3}},"124":{"start":{"line":591,"column":4},"end":{"line":593,"column":6}},"125":{"start":{"line":596,"column":2},"end":{"line":600,"column":3}},"126":{"start":{"line":597,"column":4},"end":{"line":599,"column":6}},"127":{"start":{"line":602,"column":2},"end":{"line":604,"column":3}},"128":{"start":{"line":603,"column":4},"end":{"line":603,"column":76}},"129":{"start":{"line":606,"column":2},"end":{"line":610,"column":3}},"130":{"start":{"line":607,"column":4},"end":{"line":609,"column":6}},"131":{"start":{"line":612,"column":2},"end":{"line":612,"column":25}}},"fnMap":{"0":{"name":"calculateTurning","decl":{"start":{"line":137,"column":16},"end":{"line":137,"column":32}},"loc":{"start":{"line":137,"column":58},"end":{"line":227,"column":1}}},"1":{"name":"calculateMilling","decl":{"start":{"line":254,"column":16},"end":{"line":254,"column":32}},"loc":{"start":{"line":254,"column":58},"end":{"line":325,"column":1}}},"2":{"name":"calculateDrilling","decl":{"start":{"line":350,"column":16},"end":{"line":350,"column":33}},"loc":{"start":{"line":350,"column":60},"end":{"line":414,"column":1}}},"3":{"name":"getToolLifeExponent","decl":{"start":{"line":417,"column":9},"end":{"line":417,"column":28}},"loc":{"start":{"line":417,"column":49},"end":{"line":425,"column":1}}},"4":{"name":"getToolLifeConstant","decl":{"start":{"line":427,"column":9},"end":{"line":427,"column":28}},"loc":{"start":{"line":429,"column":29},"end":{"line":440,"column":1}}},"5":{"name":"getToolCost","decl":{"start":{"line":442,"column":9},"end":{"line":442,"column":20}},"loc":{"start":{"line":442,"column":41},"end":{"line":450,"column":1}}},"6":{"name":"getBaseToolLife","decl":{"start":{"line":452,"column":9},"end":{"line":452,"column":24}},"loc":{"start":{"line":452,"column":45},"end":{"line":460,"column":1}}},"7":{"name":"generateTurningRecommendations","decl":{"start":{"line":462,"column":9},"end":{"line":462,"column":39}},"loc":{"start":{"line":470,"column":3},"end":{"line":507,"column":1}}},"8":{"name":"generateMillingRecommendations","decl":{"start":{"line":509,"column":9},"end":{"line":509,"column":39}},"loc":{"start":{"line":517,"column":3},"end":{"line":555,"column":1}}},"9":{"name":"generateDrillingRecommendations","decl":{"start":{"line":557,"column":9},"end":{"line":557,"column":40}},"loc":{"start":{"line":565,"column":3},"end":{"line":613,"column":1}}}},"branchMap":{"0":{"loc":{"start":{"line":139,"column":2},"end":{"line":141,"column":3}},"type":"if","locations":[{"start":{"line":139,"column":2},"end":{"line":141,"column":3}},{"start":{},"end":{}}]},"1":{"loc":{"start":{"line":142,"column":2},"end":{"line":144,"column":3}},"type":"if","locations":[{"start":{"line":142,"column":2},"end":{"line":144,"column":3}},{"start":{},"end":{}}]},"2":{"loc":{"start":{"line":146,"column":2},"end":{"line":148,"column":3}},"type":"if","locations":[{"start":{"line":146,"column":2},"end":{"line":148,"column":3}},{"start":{},"end":{}}]},"3":{"loc":{"start":{"line":256,"column":2},"end":{"line":258,"column":3}},"type":"if","locations":[{"start":{"line":256,"column":2},"end":{"line":258,"column":3}},{"start":{},"end":{}}]},"4":{"loc":{"start":{"line":352,"column":2},"end":{"line":354,"column":3}},"type":"if","locations":[{"start":{"line":352,"column":2},"end":{"line":354,"column":3}},{"start":{},"end":{}}]},"5":{"loc":{"start":{"line":385,"column":24},"end":{"line":385,"column":50}},"type":"cond-expr","locations":[{"start":{"line":385,"column":41},"end":{"line":385,"column":44}},{"start":{"line":385,"column":47},"end":{"line":385,"column":50}}]},"6":{"loc":{"start":{"line":424,"column":9},"end":{"line":424,"column":67}},"type":"binary-expr","locations":[{"start":{"line":424,"column":9},"end":{"line":424,"column":58}},{"start":{"line":424,"column":62},"end":{"line":424,"column":67}}]},"7":{"loc":{"start":{"line":438,"column":4},"end":{"line":438,"column":67}},"type":"binary-expr","locations":[{"start":{"line":438,"column":4},"end":{"line":438,"column":61}},{"start":{"line":438,"column":65},"end":{"line":438,"column":67}}]},"8":{"loc":{"start":{"line":449,"column":9},"end":{"line":449,"column":55}},"type":"binary-expr","locations":[{"start":{"line":449,"column":9},"end":{"line":449,"column":50}},{"start":{"line":449,"column":54},"end":{"line":449,"column":55}}]},"9":{"loc":{"start":{"line":459,"column":9},"end":{"line":459,"column":62}},"type":"binary-expr","locations":[{"start":{"line":459,"column":9},"end":{"line":459,"column":56}},{"start":{"line":459,"column":60},"end":{"line":459,"column":62}}]},"10":{"loc":{"start":{"line":476,"column":2},"end":{"line":482,"column":3}},"type":"if","locations":[{"start":{"line":476,"column":2},"end":{"line":482,"column":3}},{"start":{"line":478,"column":9},"end":{"line":482,"column":3}}]},"11":{"loc":{"start":{"line":478,"column":9},"end":{"line":482,"column":3}},"type":"if","locations":[{"start":{"line":478,"column":9},"end":{"line":482,"column":3}},{"start":{},"end":{}}]},"12":{"loc":{"start":{"line":484,"column":2},"end":{"line":486,"column":3}},"type":"if","locations":[{"start":{"line":484,"column":2},"end":{"line":486,"column":3}},{"start":{},"end":{}}]},"13":{"loc":{"start":{"line":488,"column":2},"end":{"line":492,"column":3}},"type":"if","locations":[{"start":{"line":488,"column":2},"end":{"line":492,"column":3}},{"start":{},"end":{}}]},"14":{"loc":{"start":{"line":494,"column":2},"end":{"line":496,"column":3}},"type":"if","locations":[{"start":{"line":494,"column":2},"end":{"line":496,"column":3}},{"start":{},"end":{}}]},"15":{"loc":{"start":{"line":498,"column":2},"end":{"line":500,"column":3}},"type":"if","locations":[{"start":{"line":498,"column":2},"end":{"line":500,"column":3}},{"start":{},"end":{}}]},"16":{"loc":{"start":{"line":498,"column":6},"end":{"line":498,"column":58}},"type":"binary-expr","locations":[{"start":{"line":498,"column":6},"end":{"line":498,"column":21}},{"start":{"line":498,"column":25},"end":{"line":498,"column":58}}]},"17":{"loc":{"start":{"line":502,"column":2},"end":{"line":504,"column":3}},"type":"if","locations":[{"start":{"line":502,"column":2},"end":{"line":504,"column":3}},{"start":{},"end":{}}]},"18":{"loc":{"start":{"line":521,"column":2},"end":{"line":525,"column":3}},"type":"if","locations":[{"start":{"line":521,"column":2},"end":{"line":525,"column":3}},{"start":{"line":523,"column":9},"end":{"line":525,"column":3}}]},"19":{"loc":{"start":{"line":523,"column":9},"end":{"line":525,"column":3}},"type":"if","locations":[{"start":{"line":523,"column":9},"end":{"line":525,"column":3}},{"start":{},"end":{}}]},"20":{"loc":{"start":{"line":527,"column":2},"end":{"line":532,"column":3}},"type":"if","locations":[{"start":{"line":527,"column":2},"end":{"line":532,"column":3}},{"start":{},"end":{}}]},"21":{"loc":{"start":{"line":534,"column":2},"end":{"line":538,"column":3}},"type":"if","locations":[{"start":{"line":534,"column":2},"end":{"line":538,"column":3}},{"start":{},"end":{}}]},"22":{"loc":{"start":{"line":540,"column":2},"end":{"line":542,"column":3}},"type":"if","locations":[{"start":{"line":540,"column":2},"end":{"line":542,"column":3}},{"start":{},"end":{}}]},"23":{"loc":{"start":{"line":544,"column":2},"end":{"line":548,"column":3}},"type":"if","locations":[{"start":{"line":544,"column":2},"end":{"line":548,"column":3}},{"start":{},"end":{}}]},"24":{"loc":{"start":{"line":550,"column":2},"end":{"line":552,"column":3}},"type":"if","locations":[{"start":{"line":550,"column":2},"end":{"line":552,"column":3}},{"start":{},"end":{}}]},"25":{"loc":{"start":{"line":569,"column":2},"end":{"line":573,"column":3}},"type":"if","locations":[{"start":{"line":569,"column":2},"end":{"line":573,"column":3}},{"start":{},"end":{}}]},"26":{"loc":{"start":{"line":575,"column":2},"end":{"line":582,"column":3}},"type":"if","locations":[{"start":{"line":575,"column":2},"end":{"line":582,"column":3}},{"start":{},"end":{}}]},"27":{"loc":{"start":{"line":584,"column":2},"end":{"line":588,"column":3}},"type":"if","locations":[{"start":{"line":584,"column":2},"end":{"line":588,"column":3}},{"start":{},"end":{}}]},"28":{"loc":{"start":{"line":590,"column":2},"end":{"line":594,"column":3}},"type":"if","locations":[{"start":{"line":590,"column":2},"end":{"line":594,"column":3}},{"start":{},"end":{}}]},"29":{"loc":{"start":{"line":590,"column":6},"end":{"line":590,"column":58}},"type":"binary-expr","locations":[{"start":{"line":590,"column":6},"end":{"line":590,"column":21}},{"start":{"line":590,"column":25},"end":{"line":590,"column":58}}]},"30":{"loc":{"start":{"line":596,"column":2},"end":{"line":600,"column":3}},"type":"if","locations":[{"start":{"line":596,"column":2},"end":{"line":600,"column":3}},{"start":{},"end":{}}]},"31":{"loc":{"start":{"line":602,"column":2},"end":{"line":604,"column":3}},"type":"if","locations":[{"start":{"line":602,"column":2},"end":{"line":604,"column":3}},{"start":{},"end":{}}]},"32":{"loc":{"start":{"line":606,"column":2},"end":{"line":610,"column":3}},"type":"if","locations":[{"start":{"line":606,"column":2},"end":{"line":610,"column":3}},{"start":{},"end":{}}]}},"s":{"0":1,"1":1,"2":1,"3":1,"4":8,"5":8,"6":1,"7":7,"8":1,"9":6,"10":6,"11":0,"12":6,"13":6,"14":6,"15":6,"16":6,"17":6,"18":6,"19":6,"20":6,"21":6,"22":6,"23":6,"24":6,"25":6,"26":6,"27":6,"28":6,"29":0,"30":0,"31":0,"32":0,"33":0,"34":0,"35":0,"36":0,"37":0,"38":0,"39":0,"40":0,"41":0,"42":0,"43":0,"44":0,"45":0,"46":0,"47":0,"48":0,"49":0,"50":0,"51":0,"52":0,"53":0,"54":0,"55":0,"56":0,"57":0,"58":0,"59":0,"60":0,"61":0,"62":0,"63":0,"64":0,"65":0,"66":0,"67":0,"68":0,"69":0,"70":0,"71":0,"72":0,"73":0,"74":6,"75":6,"76":6,"77":6,"78":6,"79":6,"80":6,"81":0,"82":0,"83":6,"84":6,"85":6,"86":4,"87":2,"88":1,"89":6,"90":0,"91":6,"92":5,"93":6,"94":0,"95":6,"96":0,"97":6,"98":0,"99":6,"100":0,"101":0,"102":0,"103":0,"104":0,"105":0,"106":0,"107":0,"108":0,"109":0,"110":0,"111":0,"112":0,"113":0,"114":0,"115":0,"116":0,"117":0,"118":0,"119":0,"120":0,"121":0,"122":0,"123":0,"124":0,"125":0,"126":0,"127":0,"128":0,"129":0,"130":0,"131":0},"f":{"0":8,"1":0,"2":0,"3":6,"4":6,"5":6,"6":0,"7":6,"8":0,"9":0},"b":{"0":[1,7],"1":[1,6],"2":[0,6],"3":[0,0],"4":[0,0],"5":[0,0],"6":[6,0],"7":[6,0],"8":[6,0],"9":[0,0],"10":[4,2],"11":[1,1],"12":[0,6],"13":[5,1],"14":[0,6],"15":[0,6],"16":[6,1],"17":[0,6],"18":[0,0],"19":[0,0],"20":[0,0],"21":[0,0],"22":[0,0],"23":[0,0],"24":[0,0],"25":[0,0],"26":[0,0],"27":[0,0],"28":[0,0],"29":[0,0],"30":[0,0],"31":[0,0],"32":[0,0]}}
}
