TN:
SF:src\utils\calculations.ts
FN:92,calculateRolling
FN:218,calculateForging
FN:281,convertLength
FN:295,convertForce
FN:309,convertPower
FNF:5
FNH:1
FNDA:6,calculateRolling
FNDA:0,calculateForging
FNDA:0,convertLength
FNDA:0,convertForce
FNDA:0,convertPower
DA:16,1
DA:92,1
DA:93,6
DA:94,6
DA:95,0
DA:97,6
DA:102,0
DA:106,6
DA:107,0
DA:109,6
DA:110,0
DA:112,6
DA:113,0
DA:115,6
DA:116,0
DA:126,6
DA:128,6
DA:130,6
DA:134,6
DA:135,6
DA:139,6
DA:144,6
DA:150,6
DA:154,6
DA:156,6
DA:158,6
DA:160,6
DA:162,6
DA:164,6
DA:166,6
DA:170,6
DA:172,6
DA:175,6
DA:178,6
DA:183,6
DA:218,1
DA:219,0
DA:220,0
DA:221,0
DA:223,0
DA:228,0
DA:232,0
DA:233,0
DA:235,0
DA:236,0
DA:239,0
DA:240,0
DA:241,0
DA:245,0
DA:249,0
DA:253,0
DA:262,0
DA:265,0
DA:266,0
DA:267,0
DA:269,0
DA:281,1
DA:282,0
DA:289,0
DA:290,0
DA:292,0
DA:295,1
DA:296,0
DA:303,0
DA:304,0
DA:306,0
DA:309,1
DA:310,0
DA:316,0
DA:317,0
DA:319,0
LF:71
LH:33
BRDA:94,0,0,0
BRDA:94,0,1,6
BRDA:97,1,0,0
BRDA:97,1,1,6
BRDA:98,2,0,6
BRDA:98,2,1,6
BRDA:98,2,2,6
BRDA:106,3,0,0
BRDA:106,3,1,6
BRDA:109,4,0,0
BRDA:109,4,1,6
BRDA:112,5,0,0
BRDA:112,5,1,6
BRDA:115,6,0,0
BRDA:115,6,1,6
BRDA:220,7,0,0
BRDA:220,7,1,0
BRDA:223,8,0,0
BRDA:223,8,1,0
BRDA:224,9,0,0
BRDA:224,9,1,0
BRDA:224,9,2,0
BRDA:232,10,0,0
BRDA:232,10,1,0
BRDA:235,11,0,0
BRDA:235,11,1,0
BRDA:253,12,0,0
BRDA:253,12,1,0
BRDA:289,13,0,0
BRDA:289,13,1,0
BRDA:289,14,0,0
BRDA:289,14,1,0
BRDA:303,15,0,0
BRDA:303,15,1,0
BRDA:303,16,0,0
BRDA:303,16,1,0
BRDA:316,17,0,0
BRDA:316,17,1,0
BRDA:316,18,0,0
BRDA:316,18,1,0
BRF:40
BRH:9
end_of_record
TN:
SF:src\utils\cuttingCalculations.ts
FN:109,calculatePunching
FN:247,calculateShearing
FN:345,optimizeClearance
FNF:3
FNH:1
FNDA:6,calculatePunching
FNDA:0,calculateShearing
FNDA:0,optimizeClearance
DA:15,1
DA:109,1
DA:110,6
DA:111,1
DA:113,5
DA:114,5
DA:115,0
DA:123,5
DA:124,5
DA:127,5
DA:131,5
DA:135,5
DA:140,5
DA:141,5
DA:144,5
DA:148,5
DA:150,5
DA:153,5
DA:154,5
DA:158,5
DA:161,5
DA:162,5
DA:163,5
DA:164,5
DA:165,0
DA:166,5
DA:167,0
DA:168,5
DA:169,5
DA:173,5
DA:174,5
DA:175,5
DA:176,5
DA:178,5
DA:179,5
DA:182,5
DA:183,5
DA:184,0
DA:187,5
DA:188,5
DA:190,5
DA:191,0
DA:193,5
DA:194,0
DA:198,5
DA:199,0
DA:203,5
DA:204,0
DA:210,5
DA:247,1
DA:248,0
DA:249,0
DA:250,0
DA:259,0
DA:260,0
DA:264,0
DA:265,0
DA:270,0
DA:271,0
DA:272,0
DA:277,0
DA:278,0
DA:281,0
DA:286,0
DA:287,0
DA:290,0
DA:291,0
DA:294,0
DA:295,0
DA:296,0
DA:300,0
DA:305,0
DA:308,0
DA:309,0
DA:310,0
DA:311,0
DA:312,0
DA:314,0
DA:315,0
DA:316,0
DA:317,0
DA:319,0
DA:320,0
DA:324,0
DA:325,0
DA:331,0
DA:345,1
DA:346,0
DA:347,0
DA:349,0
DA:350,0
DA:351,0
DA:353,0
LF:93
LH:43
BRDA:110,0,0,1
BRDA:110,0,1,5
BRDA:114,1,0,0
BRDA:114,1,1,5
BRDA:164,2,0,0
BRDA:164,2,1,5
BRDA:164,3,0,5
BRDA:164,3,1,5
BRDA:166,4,0,0
BRDA:166,4,1,5
BRDA:166,5,0,5
BRDA:166,5,1,5
BRDA:168,6,0,5
BRDA:168,6,1,0
BRDA:168,7,0,5
BRDA:168,7,1,5
BRDA:176,8,0,5
BRDA:176,8,1,0
BRDA:183,9,0,0
BRDA:183,9,1,5
BRDA:187,10,0,5
BRDA:187,10,1,0
BRDA:190,11,0,0
BRDA:190,11,1,5
BRDA:193,12,0,0
BRDA:193,12,1,5
BRDA:198,13,0,0
BRDA:198,13,1,5
BRDA:203,14,0,0
BRDA:203,14,1,5
BRDA:249,15,0,0
BRDA:249,15,1,0
BRDA:309,16,0,0
BRDA:309,16,1,0
BRDA:311,17,0,0
BRDA:311,17,1,0
BRDA:314,18,0,0
BRDA:314,18,1,0
BRDA:316,19,0,0
BRDA:316,19,1,0
BRDA:319,20,0,0
BRDA:319,20,1,0
BRDA:324,21,0,0
BRDA:324,21,1,0
BRDA:347,22,0,0
BRDA:347,22,1,0
BRF:46
BRH:19
end_of_record
TN:
SF:src\utils\drawingExtrusionCalculations.ts
FN:77,calculateWireDrawing
FN:179,calculateExtrusion
FN:257,generateDrawingRecommendations
FN:318,generateExtrusionRecommendations
FNF:4
FNH:2
FNDA:4,calculateWireDrawing
FNDA:0,calculateExtrusion
FNDA:2,generateDrawingRecommendations
FNDA:0,generateExtrusionRecommendations
DA:13,1
DA:77,1
DA:80,4
DA:81,1
DA:83,3
DA:84,3
DA:85,1
DA:89,2
DA:90,2
DA:91,2
DA:92,2
DA:93,2
DA:96,2
DA:97,2
DA:100,2
DA:102,2
DA:105,2
DA:111,2
DA:116,2
DA:119,2
DA:122,2
DA:126,2
DA:129,2
DA:130,2
DA:133,2
DA:140,2
DA:179,1
DA:182,0
DA:183,0
DA:184,0
DA:188,0
DA:189,0
DA:190,0
DA:193,0
DA:194,0
DA:197,0
DA:198,0
DA:201,0
DA:202,0
DA:205,0
DA:209,0
DA:216,0
DA:219,0
DA:222,0
DA:225,0
DA:228,0
DA:232,0
DA:233,0
DA:236,0
DA:243,0
DA:267,2
DA:269,2
DA:270,2
DA:279,2
DA:280,0
DA:283,2
DA:284,0
DA:287,2
DA:288,0
DA:293,2
DA:294,0
DA:299,2
DA:300,2
DA:303,2
DA:304,0
DA:309,2
DA:310,0
DA:315,2
DA:328,0
DA:330,0
DA:331,0
DA:336,0
DA:337,0
DA:342,0
DA:343,0
DA:348,0
DA:349,0
DA:352,0
DA:353,0
DA:358,0
DA:359,0
DA:364,0
DA:365,0
DA:368,0
DA:369,0
DA:372,0
LF:86
LH:39
BRDA:80,0,0,1
BRDA:80,0,1,3
BRDA:84,1,0,1
BRDA:84,1,1,2
BRDA:105,2,0,2
BRDA:105,2,1,0
BRDA:183,3,0,0
BRDA:183,3,1,0
BRDA:201,4,0,0
BRDA:201,4,1,0
BRDA:205,5,0,0
BRDA:205,5,1,0
BRDA:269,6,0,2
BRDA:269,6,1,0
BRDA:279,7,0,0
BRDA:279,7,1,2
BRDA:283,8,0,0
BRDA:283,8,1,2
BRDA:287,9,0,0
BRDA:287,9,1,2
BRDA:293,10,0,0
BRDA:293,10,1,2
BRDA:299,11,0,2
BRDA:299,11,1,0
BRDA:303,12,0,0
BRDA:303,12,1,2
BRDA:309,13,0,0
BRDA:309,13,1,2
BRDA:330,14,0,0
BRDA:330,14,1,0
BRDA:336,15,0,0
BRDA:336,15,1,0
BRDA:336,16,0,0
BRDA:336,16,1,0
BRDA:342,17,0,0
BRDA:342,17,1,0
BRDA:348,18,0,0
BRDA:348,18,1,0
BRDA:352,19,0,0
BRDA:352,19,1,0
BRDA:352,20,0,0
BRDA:352,20,1,0
BRDA:358,21,0,0
BRDA:358,21,1,0
BRDA:364,22,0,0
BRDA:364,22,1,0
BRDA:364,23,0,0
BRDA:364,23,1,0
BRDA:368,24,0,0
BRDA:368,24,1,0
BRF:50
BRH:13
end_of_record
TN:
SF:src\utils\machiningCalculations.ts
FN:137,calculateTurning
FN:250,calculateMilling
FN:346,calculateDrilling
FN:413,getToolLifeExponent
FN:423,getToolLifeConstant
FN:438,getToolCost
FN:448,getBaseToolLife
FN:458,generateTurningRecommendations
FN:505,generateMillingRecommendations
FN:553,generateDrillingRecommendations
FNF:10
FNH:5
FNDA:5,calculateTurning
FNDA:0,calculateMilling
FNDA:0,calculateDrilling
FNDA:4,getToolLifeExponent
FNDA:4,getToolLifeConstant
FNDA:4,getToolCost
FNDA:0,getBaseToolLife
FNDA:4,generateTurningRecommendations
FNDA:0,generateMillingRecommendations
FNDA:0,generateDrillingRecommendations
DA:19,1
DA:137,1
DA:138,5
DA:139,1
DA:141,4
DA:142,4
DA:143,0
DA:153,4
DA:159,4
DA:164,4
DA:165,4
DA:166,4
DA:170,4
DA:174,4
DA:178,4
DA:182,4
DA:183,4
DA:187,4
DA:194,4
DA:195,4
DA:196,4
DA:198,4
DA:202,4
DA:212,4
DA:250,1
DA:251,0
DA:252,0
DA:253,0
DA:258,0
DA:262,0
DA:266,0
DA:269,0
DA:270,0
DA:272,0
DA:276,0
DA:279,0
DA:282,0
DA:285,0
DA:288,0
DA:290,0
DA:292,0
DA:295,0
DA:296,0
DA:297,0
DA:299,0
DA:303,0
DA:310,0
DA:346,1
DA:347,0
DA:348,0
DA:349,0
DA:354,0
DA:357,0
DA:359,0
DA:362,0
DA:363,0
DA:366,0
DA:368,0
DA:371,0
DA:374,0
DA:377,0
DA:378,0
DA:380,0
DA:381,0
DA:382,0
DA:385,0
DA:386,0
DA:387,0
DA:389,0
DA:392,0
DA:399,0
DA:414,4
DA:420,4
DA:427,4
DA:434,4
DA:435,4
DA:439,4
DA:445,4
DA:449,0
DA:455,0
DA:468,4
DA:470,4
DA:472,4
DA:473,4
DA:474,0
DA:475,0
DA:480,4
DA:481,0
DA:484,4
DA:485,4
DA:490,4
DA:491,0
DA:494,4
DA:495,0
DA:498,4
DA:499,0
DA:502,4
DA:515,0
DA:517,0
DA:518,0
DA:519,0
DA:520,0
DA:523,0
DA:527,0
DA:530,0
DA:531,0
DA:536,0
DA:537,0
DA:540,0
DA:541,0
DA:546,0
DA:547,0
DA:550,0
DA:563,0
DA:565,0
DA:566,0
DA:571,0
DA:575,0
DA:580,0
DA:581,0
DA:586,0
DA:587,0
DA:592,0
DA:593,0
DA:598,0
DA:599,0
DA:602,0
DA:603,0
DA:608,0
LF:129
LH:43
BRDA:138,0,0,1
BRDA:138,0,1,4
BRDA:142,1,0,0
BRDA:142,1,1,4
BRDA:252,2,0,0
BRDA:252,2,1,0
BRDA:348,3,0,0
BRDA:348,3,1,0
BRDA:381,4,0,0
BRDA:381,4,1,0
BRDA:420,5,0,4
BRDA:420,5,1,0
BRDA:434,6,0,4
BRDA:434,6,1,0
BRDA:445,7,0,4
BRDA:445,7,1,0
BRDA:455,8,0,0
BRDA:455,8,1,0
BRDA:472,9,0,4
BRDA:472,9,1,0
BRDA:474,10,0,0
BRDA:474,10,1,0
BRDA:480,11,0,0
BRDA:480,11,1,4
BRDA:484,12,0,4
BRDA:484,12,1,0
BRDA:490,13,0,0
BRDA:490,13,1,4
BRDA:494,14,0,0
BRDA:494,14,1,4
BRDA:494,15,0,4
BRDA:494,15,1,0
BRDA:498,16,0,0
BRDA:498,16,1,4
BRDA:517,17,0,0
BRDA:517,17,1,0
BRDA:519,18,0,0
BRDA:519,18,1,0
BRDA:523,19,0,0
BRDA:523,19,1,0
BRDA:530,20,0,0
BRDA:530,20,1,0
BRDA:536,21,0,0
BRDA:536,21,1,0
BRDA:540,22,0,0
BRDA:540,22,1,0
BRDA:546,23,0,0
BRDA:546,23,1,0
BRDA:565,24,0,0
BRDA:565,24,1,0
BRDA:571,25,0,0
BRDA:571,25,1,0
BRDA:580,26,0,0
BRDA:580,26,1,0
BRDA:586,27,0,0
BRDA:586,27,1,0
BRDA:586,28,0,0
BRDA:586,28,1,0
BRDA:592,29,0,0
BRDA:592,29,1,0
BRDA:598,30,0,0
BRDA:598,30,1,0
BRDA:602,31,0,0
BRDA:602,31,1,0
BRF:64
BRH:13
end_of_record
