TN:
SF:src\utils\calculations.ts
FN:92,calculateRolling
FN:218,calculateForging
FN:281,convertLength
FN:295,convertForce
FN:309,convertPower
FNF:5
FNH:1
FNDA:7,calculateRolling
FNDA:0,calculateForging
FNDA:0,convertLength
FNDA:0,convertForce
FNDA:0,convertPower
DA:16,1
DA:92,1
DA:93,7
DA:94,7
DA:95,0
DA:97,7
DA:102,0
DA:106,7
DA:107,0
DA:109,7
DA:110,0
DA:112,7
DA:113,0
DA:115,7
DA:116,0
DA:126,7
DA:128,7
DA:130,7
DA:134,7
DA:135,7
DA:139,7
DA:144,7
DA:150,7
DA:154,7
DA:156,7
DA:158,7
DA:160,7
DA:162,7
DA:164,7
DA:166,7
DA:170,7
DA:172,7
DA:175,7
DA:178,7
DA:183,7
DA:218,1
DA:219,0
DA:220,0
DA:221,0
DA:223,0
DA:228,0
DA:232,0
DA:233,0
DA:235,0
DA:236,0
DA:239,0
DA:240,0
DA:241,0
DA:245,0
DA:249,0
DA:253,0
DA:262,0
DA:265,0
DA:266,0
DA:267,0
DA:269,0
DA:281,1
DA:282,0
DA:289,0
DA:290,0
DA:292,0
DA:295,1
DA:296,0
DA:303,0
DA:304,0
DA:306,0
DA:309,1
DA:310,0
DA:316,0
DA:317,0
DA:319,0
LF:71
LH:33
BRDA:94,0,0,0
BRDA:94,0,1,7
BRDA:97,1,0,0
BRDA:97,1,1,7
BRDA:98,2,0,7
BRDA:98,2,1,7
BRDA:98,2,2,7
BRDA:106,3,0,0
BRDA:106,3,1,7
BRDA:109,4,0,0
BRDA:109,4,1,7
BRDA:112,5,0,0
BRDA:112,5,1,7
BRDA:115,6,0,0
BRDA:115,6,1,7
BRDA:220,7,0,0
BRDA:220,7,1,0
BRDA:223,8,0,0
BRDA:223,8,1,0
BRDA:224,9,0,0
BRDA:224,9,1,0
BRDA:224,9,2,0
BRDA:232,10,0,0
BRDA:232,10,1,0
BRDA:235,11,0,0
BRDA:235,11,1,0
BRDA:253,12,0,0
BRDA:253,12,1,0
BRDA:289,13,0,0
BRDA:289,13,1,0
BRDA:289,14,0,0
BRDA:289,14,1,0
BRDA:303,15,0,0
BRDA:303,15,1,0
BRDA:303,16,0,0
BRDA:303,16,1,0
BRDA:316,17,0,0
BRDA:316,17,1,0
BRDA:316,18,0,0
BRDA:316,18,1,0
BRF:40
BRH:9
end_of_record
TN:
SF:src\utils\cuttingCalculations.ts
FN:109,calculatePunching
FN:247,calculateShearing
FN:345,optimizeClearance
FNF:3
FNH:1
FNDA:8,calculatePunching
FNDA:0,calculateShearing
FNDA:0,optimizeClearance
DA:15,1
DA:109,1
DA:110,8
DA:111,1
DA:113,7
DA:114,7
DA:115,0
DA:123,7
DA:124,7
DA:127,7
DA:131,7
DA:135,7
DA:140,7
DA:141,7
DA:144,7
DA:148,7
DA:150,7
DA:153,7
DA:154,7
DA:158,7
DA:161,7
DA:162,7
DA:163,7
DA:164,7
DA:165,0
DA:166,7
DA:167,0
DA:168,7
DA:169,7
DA:173,7
DA:174,7
DA:175,7
DA:176,7
DA:178,7
DA:179,7
DA:182,7
DA:183,7
DA:184,0
DA:187,7
DA:188,7
DA:190,7
DA:191,0
DA:193,7
DA:194,1
DA:198,7
DA:199,0
DA:203,7
DA:204,0
DA:210,7
DA:247,1
DA:248,0
DA:249,0
DA:250,0
DA:259,0
DA:260,0
DA:264,0
DA:265,0
DA:270,0
DA:271,0
DA:272,0
DA:277,0
DA:278,0
DA:281,0
DA:286,0
DA:287,0
DA:290,0
DA:291,0
DA:294,0
DA:295,0
DA:296,0
DA:300,0
DA:305,0
DA:308,0
DA:309,0
DA:310,0
DA:311,0
DA:312,0
DA:314,0
DA:315,0
DA:316,0
DA:317,0
DA:319,0
DA:320,0
DA:324,0
DA:325,0
DA:331,0
DA:345,1
DA:346,0
DA:347,0
DA:349,0
DA:350,0
DA:351,0
DA:353,0
LF:93
LH:44
BRDA:110,0,0,1
BRDA:110,0,1,7
BRDA:114,1,0,0
BRDA:114,1,1,7
BRDA:164,2,0,0
BRDA:164,2,1,7
BRDA:164,3,0,7
BRDA:164,3,1,7
BRDA:166,4,0,0
BRDA:166,4,1,7
BRDA:166,5,0,7
BRDA:166,5,1,7
BRDA:168,6,0,7
BRDA:168,6,1,0
BRDA:168,7,0,7
BRDA:168,7,1,7
BRDA:176,8,0,6
BRDA:176,8,1,1
BRDA:183,9,0,0
BRDA:183,9,1,7
BRDA:187,10,0,7
BRDA:187,10,1,0
BRDA:190,11,0,0
BRDA:190,11,1,7
BRDA:193,12,0,1
BRDA:193,12,1,6
BRDA:198,13,0,0
BRDA:198,13,1,7
BRDA:203,14,0,0
BRDA:203,14,1,7
BRDA:249,15,0,0
BRDA:249,15,1,0
BRDA:309,16,0,0
BRDA:309,16,1,0
BRDA:311,17,0,0
BRDA:311,17,1,0
BRDA:314,18,0,0
BRDA:314,18,1,0
BRDA:316,19,0,0
BRDA:316,19,1,0
BRDA:319,20,0,0
BRDA:319,20,1,0
BRDA:324,21,0,0
BRDA:324,21,1,0
BRDA:347,22,0,0
BRDA:347,22,1,0
BRF:46
BRH:21
end_of_record
TN:
SF:src\utils\drawingExtrusionCalculations.ts
FN:77,calculateWireDrawing
FN:179,calculateExtrusion
FN:257,generateDrawingRecommendations
FN:318,generateExtrusionRecommendations
FNF:4
FNH:2
FNDA:5,calculateWireDrawing
FNDA:0,calculateExtrusion
FNDA:3,generateDrawingRecommendations
FNDA:0,generateExtrusionRecommendations
DA:13,1
DA:77,1
DA:80,5
DA:81,1
DA:83,4
DA:84,4
DA:85,1
DA:89,3
DA:90,3
DA:91,3
DA:92,3
DA:93,3
DA:96,3
DA:97,3
DA:100,3
DA:102,3
DA:105,3
DA:111,3
DA:116,3
DA:119,3
DA:122,3
DA:126,3
DA:129,3
DA:130,3
DA:133,3
DA:140,3
DA:179,1
DA:182,0
DA:183,0
DA:184,0
DA:188,0
DA:189,0
DA:190,0
DA:193,0
DA:194,0
DA:197,0
DA:198,0
DA:201,0
DA:202,0
DA:205,0
DA:209,0
DA:216,0
DA:219,0
DA:222,0
DA:225,0
DA:228,0
DA:232,0
DA:233,0
DA:236,0
DA:243,0
DA:267,3
DA:269,3
DA:270,3
DA:279,3
DA:280,0
DA:283,3
DA:284,0
DA:287,3
DA:288,1
DA:293,3
DA:294,0
DA:299,3
DA:300,3
DA:303,3
DA:304,0
DA:309,3
DA:310,0
DA:315,3
DA:328,0
DA:330,0
DA:331,0
DA:336,0
DA:337,0
DA:342,0
DA:343,0
DA:348,0
DA:349,0
DA:352,0
DA:353,0
DA:358,0
DA:359,0
DA:364,0
DA:365,0
DA:368,0
DA:369,0
DA:372,0
LF:86
LH:40
BRDA:80,0,0,1
BRDA:80,0,1,4
BRDA:84,1,0,1
BRDA:84,1,1,3
BRDA:105,2,0,2
BRDA:105,2,1,1
BRDA:183,3,0,0
BRDA:183,3,1,0
BRDA:201,4,0,0
BRDA:201,4,1,0
BRDA:205,5,0,0
BRDA:205,5,1,0
BRDA:269,6,0,3
BRDA:269,6,1,0
BRDA:279,7,0,0
BRDA:279,7,1,3
BRDA:283,8,0,0
BRDA:283,8,1,3
BRDA:287,9,0,1
BRDA:287,9,1,2
BRDA:293,10,0,0
BRDA:293,10,1,3
BRDA:299,11,0,3
BRDA:299,11,1,0
BRDA:303,12,0,0
BRDA:303,12,1,3
BRDA:309,13,0,0
BRDA:309,13,1,3
BRDA:330,14,0,0
BRDA:330,14,1,0
BRDA:336,15,0,0
BRDA:336,15,1,0
BRDA:336,16,0,0
BRDA:336,16,1,0
BRDA:342,17,0,0
BRDA:342,17,1,0
BRDA:348,18,0,0
BRDA:348,18,1,0
BRDA:352,19,0,0
BRDA:352,19,1,0
BRDA:352,20,0,0
BRDA:352,20,1,0
BRDA:358,21,0,0
BRDA:358,21,1,0
BRDA:364,22,0,0
BRDA:364,22,1,0
BRDA:364,23,0,0
BRDA:364,23,1,0
BRDA:368,24,0,0
BRDA:368,24,1,0
BRF:50
BRH:15
end_of_record
TN:
SF:src\utils\machiningCalculations.ts
FN:137,calculateTurning
FN:254,calculateMilling
FN:350,calculateDrilling
FN:417,getToolLifeExponent
FN:427,getToolLifeConstant
FN:442,getToolCost
FN:452,getBaseToolLife
FN:462,generateTurningRecommendations
FN:509,generateMillingRecommendations
FN:557,generateDrillingRecommendations
FNF:10
FNH:5
FNDA:8,calculateTurning
FNDA:0,calculateMilling
FNDA:0,calculateDrilling
FNDA:6,getToolLifeExponent
FNDA:6,getToolLifeConstant
FNDA:6,getToolCost
FNDA:0,getBaseToolLife
FNDA:6,generateTurningRecommendations
FNDA:0,generateMillingRecommendations
FNDA:0,generateDrillingRecommendations
DA:19,1
DA:137,1
DA:138,8
DA:139,8
DA:140,1
DA:142,7
DA:143,1
DA:145,6
DA:146,6
DA:147,0
DA:157,6
DA:163,6
DA:168,6
DA:169,6
DA:170,6
DA:174,6
DA:178,6
DA:182,6
DA:186,6
DA:187,6
DA:191,6
DA:198,6
DA:199,6
DA:200,6
DA:202,6
DA:206,6
DA:216,6
DA:254,1
DA:255,0
DA:256,0
DA:257,0
DA:262,0
DA:266,0
DA:270,0
DA:273,0
DA:274,0
DA:276,0
DA:280,0
DA:283,0
DA:286,0
DA:289,0
DA:292,0
DA:294,0
DA:296,0
DA:299,0
DA:300,0
DA:301,0
DA:303,0
DA:307,0
DA:314,0
DA:350,1
DA:351,0
DA:352,0
DA:353,0
DA:358,0
DA:361,0
DA:363,0
DA:366,0
DA:367,0
DA:370,0
DA:372,0
DA:375,0
DA:378,0
DA:381,0
DA:382,0
DA:384,0
DA:385,0
DA:386,0
DA:389,0
DA:390,0
DA:391,0
DA:393,0
DA:396,0
DA:403,0
DA:418,6
DA:424,6
DA:431,6
DA:438,6
DA:439,6
DA:443,6
DA:449,6
DA:453,0
DA:459,0
DA:472,6
DA:474,6
DA:476,6
DA:477,4
DA:478,2
DA:479,1
DA:484,6
DA:485,0
DA:488,6
DA:489,5
DA:494,6
DA:495,0
DA:498,6
DA:499,0
DA:502,6
DA:503,0
DA:506,6
DA:519,0
DA:521,0
DA:522,0
DA:523,0
DA:524,0
DA:527,0
DA:531,0
DA:534,0
DA:535,0
DA:540,0
DA:541,0
DA:544,0
DA:545,0
DA:550,0
DA:551,0
DA:554,0
DA:567,0
DA:569,0
DA:570,0
DA:575,0
DA:579,0
DA:584,0
DA:585,0
DA:590,0
DA:591,0
DA:596,0
DA:597,0
DA:602,0
DA:603,0
DA:606,0
DA:607,0
DA:612,0
LF:132
LH:48
BRDA:139,0,0,1
BRDA:139,0,1,7
BRDA:142,1,0,1
BRDA:142,1,1,6
BRDA:146,2,0,0
BRDA:146,2,1,6
BRDA:256,3,0,0
BRDA:256,3,1,0
BRDA:352,4,0,0
BRDA:352,4,1,0
BRDA:385,5,0,0
BRDA:385,5,1,0
BRDA:424,6,0,6
BRDA:424,6,1,0
BRDA:438,7,0,6
BRDA:438,7,1,0
BRDA:449,8,0,6
BRDA:449,8,1,0
BRDA:459,9,0,0
BRDA:459,9,1,0
BRDA:476,10,0,4
BRDA:476,10,1,2
BRDA:478,11,0,1
BRDA:478,11,1,1
BRDA:484,12,0,0
BRDA:484,12,1,6
BRDA:488,13,0,5
BRDA:488,13,1,1
BRDA:494,14,0,0
BRDA:494,14,1,6
BRDA:498,15,0,0
BRDA:498,15,1,6
BRDA:498,16,0,6
BRDA:498,16,1,1
BRDA:502,17,0,0
BRDA:502,17,1,6
BRDA:521,18,0,0
BRDA:521,18,1,0
BRDA:523,19,0,0
BRDA:523,19,1,0
BRDA:527,20,0,0
BRDA:527,20,1,0
BRDA:534,21,0,0
BRDA:534,21,1,0
BRDA:540,22,0,0
BRDA:540,22,1,0
BRDA:544,23,0,0
BRDA:544,23,1,0
BRDA:550,24,0,0
BRDA:550,24,1,0
BRDA:569,25,0,0
BRDA:569,25,1,0
BRDA:575,26,0,0
BRDA:575,26,1,0
BRDA:584,27,0,0
BRDA:584,27,1,0
BRDA:590,28,0,0
BRDA:590,28,1,0
BRDA:590,29,0,0
BRDA:590,29,1,0
BRDA:596,30,0,0
BRDA:596,30,1,0
BRDA:602,31,0,0
BRDA:602,31,1,0
BRDA:606,32,0,0
BRDA:606,32,1,0
BRF:66
BRH:20
end_of_record
